::1 - - [26/May/2020:11:07:39 +0000] "GET /favicon.ico HTTP/1.1" 404 150 "-" "Mozilla/5.0 (X11; Ubuntu; Linux x86_64; rv:76.0) Gecko/20100101 Firefox/76.0"
::1 - - [26/May/2020:11:39:20 +0000] "PUT /profiles HTTP/1.1" 404 147 "-" "Mozilla/5.0 (X11; Linux x86_64) AppleWebKit/537.36 (KHTML, like Gecko) Chrome/80.0.3987.149 Safari/537.36"
::1 - - [26/May/2020:11:39:27 +0000] "GET /profiles HTTP/1.1" 404 147 "-" "Mozilla/5.0 (X11; Linux x86_64) AppleWebKit/537.36 (KHTML, like Gecko) Chrome/80.0.3987.149 Safari/537.36"
::1 - - [26/May/2020:11:40:55 +0000] "GET /profiles HTTP/1.1" 404 147 "-" "Mozilla/5.0 (X11; Linux x86_64) AppleWebKit/537.36 (KHTML, like Gecko) Chrome/80.0.3987.149 Safari/537.36"
::1 - - [26/May/2020:11:41:46 +0000] "GET /profiles HTTP/1.1" 404 147 "-" "Mozilla/5.0 (X11; Linux x86_64) AppleWebKit/537.36 (KHTML, like Gecko) Chrome/80.0.3987.149 Safari/537.36"
::1 - - [26/May/2020:11:50:16 +0000] "GET /api/profiles HTTP/1.1" 200 111 "-" "Mozilla/5.0 (X11; Linux x86_64) AppleWebKit/537.36 (KHTML, like Gecko) Chrome/80.0.3987.149 Safari/537.36"
::1 - - [26/May/2020:11:51:06 +0000] "GET /api/profiles HTTP/1.1" 200 218 "-" "Mozilla/5.0 (X11; Linux x86_64) AppleWebKit/537.36 (KHTML, like Gecko) Chrome/80.0.3987.149 Safari/537.36"
::1 - - [26/May/2020:11:51:13 +0000] "GET /api/profiles/2 HTTP/1.1" 200 106 "-" "Mozilla/5.0 (X11; Linux x86_64) AppleWebKit/537.36 (KHTML, like Gecko) Chrome/80.0.3987.149 Safari/537.36"
::1 - - [26/May/2020:11:51:57 +0000] "POST /api/profiles HTTP/1.1" 200 106 "-" "Mozilla/5.0 (X11; Linux x86_64) AppleWebKit/537.36 (KHTML, like Gecko) Chrome/80.0.3987.149 Safari/537.36"
::1 - - [26/May/2020:11:52:04 +0000] "GET /api/profiles HTTP/1.1" 200 325 "-" "Mozilla/5.0 (X11; Linux x86_64) AppleWebKit/537.36 (KHTML, like Gecko) Chrome/80.0.3987.149 Safari/537.36"
::1 - - [26/May/2020:11:52:51 +0000] "PUT /api/profiles/3 HTTP/1.1" 400 75 "-" "Mozilla/5.0 (X11; Linux x86_64) AppleWebKit/537.36 (KHTML, like Gecko) Chrome/80.0.3987.149 Safari/537.36"
::1 - - [26/May/2020:11:53:25 +0000] "PUT /api/profiles/3 HTTP/1.1" 200 20 "-" "Mozilla/5.0 (X11; Linux x86_64) AppleWebKit/537.36 (KHTML, like Gecko) Chrome/80.0.3987.149 Safari/537.36"
::1 - - [26/May/2020:11:53:39 +0000] "GET /api/profiles HTTP/1.1" 200 325 "-" "Mozilla/5.0 (X11; Linux x86_64) AppleWebKit/537.36 (KHTML, like Gecko) Chrome/80.0.3987.149 Safari/537.36"
::1 - - [26/May/2020:11:54:11 +0000] "POST /api/profiles HTTP/1.1" 200 48 "-" "Mozilla/5.0 (X11; Linux x86_64) AppleWebKit/537.36 (KHTML, like Gecko) Chrome/80.0.3987.149 Safari/537.36"
::1 - - [26/May/2020:11:55:17 +0000] "POST /api/profiles HTTP/1.1" 200 106 "-" "Mozilla/5.0 (X11; Linux x86_64) AppleWebKit/537.36 (KHTML, like Gecko) Chrome/80.0.3987.149 Safari/537.36"
::1 - - [26/May/2020:11:55:29 +0000] "GET /api/profiles HTTP/1.1" 200 325 "-" "Mozilla/5.0 (X11; Linux x86_64) AppleWebKit/537.36 (KHTML, like Gecko) Chrome/80.0.3987.149 Safari/537.36"
::1 - - [26/May/2020:11:59:07 +0000] "POST /api/profiles HTTP/1.1" 200 98 "-" "Mozilla/5.0 (X11; Linux x86_64) AppleWebKit/537.36 (KHTML, like Gecko) Chrome/80.0.3987.149 Safari/537.36"
::1 - - [26/May/2020:11:59:13 +0000] "GET /api/profiles HTTP/1.1" 200 424 "-" "Mozilla/5.0 (X11; Linux x86_64) AppleWebKit/537.36 (KHTML, like Gecko) Chrome/80.0.3987.149 Safari/537.36"
::1 - - [26/May/2020:11:59:46 +0000] "DELETE /api/profiles/4 HTTP/1.1" 200 98 "-" "Mozilla/5.0 (X11; Linux x86_64) AppleWebKit/537.36 (KHTML, like Gecko) Chrome/80.0.3987.149 Safari/537.36"
::1 - - [26/May/2020:11:59:55 +0000] "GET /api/profiles HTTP/1.1" 200 325 "-" "Mozilla/5.0 (X11; Linux x86_64) AppleWebKit/537.36 (KHTML, like Gecko) Chrome/80.0.3987.149 Safari/537.36"
::1 - - [26/May/2020:15:55:22 +0000] "GET /api HTTP/1.1" 404 142 "http://localhost:3000/" "Mozilla/5.0 (X11; Ubuntu; Linux x86_64; rv:76.0) Gecko/20100101 Firefox/76.0"
::1 - - [26/May/2020:20:40:03 +0000] "GET /api HTTP/1.1" 404 142 "http://localhost:3000/" "Mozilla/5.0 (X11; Ubuntu; Linux x86_64; rv:76.0) Gecko/20100101 Firefox/76.0"
::1 - - [26/May/2020:20:40:48 +0000] "GET /api HTTP/1.1" 404 142 "http://localhost:3000/" "Mozilla/5.0 (X11; Ubuntu; Linux x86_64; rv:76.0) Gecko/20100101 Firefox/76.0"
::1 - - [26/May/2020:20:41:22 +0000] "GET /api HTTP/1.1" 404 142 "http://localhost:3000/" "Mozilla/5.0 (X11; Ubuntu; Linux x86_64; rv:76.0) Gecko/20100101 Firefox/76.0"
::1 - - [26/May/2020:20:43:19 +0000] "GET /api/profiles HTTP/1.1" 200 325 "http://localhost:3000/" "Mozilla/5.0 (X11; Ubuntu; Linux x86_64; rv:76.0) Gecko/20100101 Firefox/76.0"
::1 - - [26/May/2020:20:44:35 +0000] "GET /api/profiles HTTP/1.1" 304 - "http://localhost:3000/" "Mozilla/5.0 (X11; Ubuntu; Linux x86_64; rv:76.0) Gecko/20100101 Firefox/76.0"
::1 - - [26/May/2020:20:46:45 +0000] "GET / HTTP/1.1" 404 139 "-" "Mozilla/5.0 (X11; Ubuntu; Linux x86_64; rv:76.0) Gecko/20100101 Firefox/76.0"
::1 - - [26/May/2020:20:47:05 +0000] "GET / HTTP/1.1" 404 139 "-" "Mozilla/5.0 (X11; Ubuntu; Linux x86_64; rv:76.0) Gecko/20100101 Firefox/76.0"
::1 - - [26/May/2020:20:47:29 +0000] "GET / HTTP/1.1" 404 139 "-" "Mozilla/5.0 (X11; Ubuntu; Linux x86_64; rv:76.0) Gecko/20100101 Firefox/76.0"
::1 - - [26/May/2020:20:48:00 +0000] "GET / HTTP/1.1" 404 139 "-" "Mozilla/5.0 (X11; Ubuntu; Linux x86_64; rv:76.0) Gecko/20100101 Firefox/76.0"
::1 - - [26/May/2020:20:52:27 +0000] "GET /api/profiles HTTP/1.1" 304 - "http://localhost:3000/" "Mozilla/5.0 (X11; Ubuntu; Linux x86_64; rv:76.0) Gecko/20100101 Firefox/76.0"
::1 - - [26/May/2020:20:52:58 +0000] "GET /api/profiles HTTP/1.1" 304 - "http://localhost:3000/" "Mozilla/5.0 (X11; Ubuntu; Linux x86_64; rv:76.0) Gecko/20100101 Firefox/76.0"
::1 - - [26/May/2020:20:54:40 +0000] "GET /api/profiles HTTP/1.1" 304 - "http://localhost:3000/" "Mozilla/5.0 (X11; Ubuntu; Linux x86_64; rv:76.0) Gecko/20100101 Firefox/76.0"
::1 - - [26/May/2020:21:00:26 +0000] "GET /POST? HTTP/1.1" 404 143 "http://localhost:3000/" "Mozilla/5.0 (X11; Ubuntu; Linux x86_64; rv:76.0) Gecko/20100101 Firefox/76.0"
::1 - - [26/May/2020:21:04:12 +0000] "GET /api/profiles HTTP/1.1" 304 - "http://localhost:3000/" "Mozilla/5.0 (X11; Ubuntu; Linux x86_64; rv:76.0) Gecko/20100101 Firefox/76.0"
::1 - - [26/May/2020:21:04:19 +0000] "POST /api/profiles HTTP/1.1" 400 75 "http://localhost:3000/" "Mozilla/5.0 (X11; Ubuntu; Linux x86_64; rv:76.0) Gecko/20100101 Firefox/76.0"
::1 - - [26/May/2020:21:10:41 +0000] "GET /api/profiles HTTP/1.1" 200 325 "http://localhost:3000/" "Mozilla/5.0 (X11; Ubuntu; Linux x86_64; rv:76.0) Gecko/20100101 Firefox/76.0"
::1 - - [26/May/2020:21:10:49 +0000] "POST /api/profiles HTTP/1.1" 400 75 "http://localhost:3000/" "Mozilla/5.0 (X11; Ubuntu; Linux x86_64; rv:76.0) Gecko/20100101 Firefox/76.0"
::1 - - [26/May/2020:21:14:26 +0000] "GET /api/profiles HTTP/1.1" 200 325 "http://localhost:3000/" "Mozilla/5.0 (X11; Ubuntu; Linux x86_64; rv:76.0) Gecko/20100101 Firefox/76.0"
::1 - - [26/May/2020:21:14:31 +0000] "POST /api/profiles HTTP/1.1" 400 75 "http://localhost:3000/" "Mozilla/5.0 (X11; Ubuntu; Linux x86_64; rv:76.0) Gecko/20100101 Firefox/76.0"
::1 - - [26/May/2020:21:17:14 +0000] "GET /api/profiles HTTP/1.1" 200 325 "http://localhost:3000/" "Mozilla/5.0 (X11; Ubuntu; Linux x86_64; rv:76.0) Gecko/20100101 Firefox/76.0"
::1 - - [26/May/2020:21:17:20 +0000] "POST /api/profiles HTTP/1.1" 200 45 "http://localhost:3000/" "Mozilla/5.0 (X11; Ubuntu; Linux x86_64; rv:76.0) Gecko/20100101 Firefox/76.0"
::1 - - [26/May/2020:21:21:17 +0000] "GET /api/profiles HTTP/1.1" 200 371 "http://localhost:3000/" "Mozilla/5.0 (X11; Ubuntu; Linux x86_64; rv:76.0) Gecko/20100101 Firefox/76.0"
::1 - - [26/May/2020:21:21:41 +0000] "GET /api/profiles HTTP/1.1" 304 - "http://localhost:3000/" "Mozilla/5.0 (X11; Ubuntu; Linux x86_64; rv:76.0) Gecko/20100101 Firefox/76.0"
::1 - - [26/May/2020:21:24:42 +0000] "POST /api/profiles HTTP/1.1" 200 41 "http://localhost:3000/" "Mozilla/5.0 (X11; Ubuntu; Linux x86_64; rv:76.0) Gecko/20100101 Firefox/76.0"
::1 - - [26/May/2020:21:26:21 +0000] "POST /api/profiles HTTP/1.1" 200 41 "http://localhost:3000/" "Mozilla/5.0 (X11; Ubuntu; Linux x86_64; rv:76.0) Gecko/20100101 Firefox/76.0"
::1 - - [26/May/2020:21:46:48 +0000] "POST /api/profiles HTTP/1.1" 200 43 "http://localhost:3000/" "Mozilla/5.0 (X11; Ubuntu; Linux x86_64; rv:76.0) Gecko/20100101 Firefox/76.0"
::1 - - [26/May/2020:21:51:53 +0000] "GET /api/profiles HTTP/1.1" 200 499 "http://localhost:3000/" "Mozilla/5.0 (X11; Ubuntu; Linux x86_64; rv:76.0) Gecko/20100101 Firefox/76.0"
::1 - - [26/May/2020:21:53:07 +0000] "GET /api/profiles HTTP/1.1" 304 - "http://localhost:3000/" "Mozilla/5.0 (X11; Ubuntu; Linux x86_64; rv:76.0) Gecko/20100101 Firefox/76.0"
::1 - - [26/May/2020:21:56:47 +0000] "GET /api/profiles HTTP/1.1" 304 - "http://localhost:3000/" "Mozilla/5.0 (X11; Ubuntu; Linux x86_64; rv:76.0) Gecko/20100101 Firefox/76.0"
::1 - - [26/May/2020:21:57:58 +0000] "GET /api/profiles HTTP/1.1" 304 - "http://localhost:3000/" "Mozilla/5.0 (X11; Ubuntu; Linux x86_64; rv:76.0) Gecko/20100101 Firefox/76.0"
::1 - - [26/May/2020:22:00:28 +0000] "GET /api/profiles HTTP/1.1" 304 - "http://localhost:3000/" "Mozilla/5.0 (X11; Ubuntu; Linux x86_64; rv:76.0) Gecko/20100101 Firefox/76.0"
::1 - - [26/May/2020:22:00:57 +0000] "GET /api/profiles HTTP/1.1" 304 - "http://localhost:3000/" "Mozilla/5.0 (X11; Ubuntu; Linux x86_64; rv:76.0) Gecko/20100101 Firefox/76.0"
::1 - - [26/May/2020:22:01:30 +0000] "GET /profiles HTTP/1.1" 404 147 "http://localhost:3000/" "Mozilla/5.0 (X11; Ubuntu; Linux x86_64; rv:76.0) Gecko/20100101 Firefox/76.0"
::1 - - [26/May/2020:22:01:42 +0000] "GET /profiles HTTP/1.1" 404 147 "http://localhost:3000/" "Mozilla/5.0 (X11; Ubuntu; Linux x86_64; rv:76.0) Gecko/20100101 Firefox/76.0"
::1 - - [26/May/2020:22:01:59 +0000] "GET /api HTTP/1.1" 404 142 "http://localhost:3000/" "Mozilla/5.0 (X11; Ubuntu; Linux x86_64; rv:76.0) Gecko/20100101 Firefox/76.0"
::1 - - [26/May/2020:22:05:20 +0000] "GET /api/profiles HTTP/1.1" 304 - "http://localhost:3000/" "Mozilla/5.0 (X11; Ubuntu; Linux x86_64; rv:76.0) Gecko/20100101 Firefox/76.0"
::1 - - [26/May/2020:22:05:29 +0000] "GET /api/courses HTTP/1.1" 404 150 "http://localhost:3000/" "Mozilla/5.0 (X11; Ubuntu; Linux x86_64; rv:76.0) Gecko/20100101 Firefox/76.0"
::1 - - [26/May/2020:22:06:19 +0000] "GET /api/profiles HTTP/1.1" 304 - "http://localhost:3000/" "Mozilla/5.0 (X11; Ubuntu; Linux x86_64; rv:76.0) Gecko/20100101 Firefox/76.0"
::1 - - [26/May/2020:22:06:29 +0000] "GET /api/profiles HTTP/1.1" 304 - "http://localhost:3000/" "Mozilla/5.0 (X11; Ubuntu; Linux x86_64; rv:76.0) Gecko/20100101 Firefox/76.0"
::1 - - [26/May/2020:22:08:40 +0000] "GET /api/profiles HTTP/1.1" 304 - "http://localhost:3000/" "Mozilla/5.0 (X11; Ubuntu; Linux x86_64; rv:76.0) Gecko/20100101 Firefox/76.0"
::1 - - [26/May/2020:22:08:43 +0000] "GET /api/profiles HTTP/1.1" 304 - "http://localhost:3000/" "Mozilla/5.0 (X11; Ubuntu; Linux x86_64; rv:76.0) Gecko/20100101 Firefox/76.0"
::1 - - [26/May/2020:22:08:44 +0000] "GET /api/profiles HTTP/1.1" 304 - "http://localhost:3000/" "Mozilla/5.0 (X11; Ubuntu; Linux x86_64; rv:76.0) Gecko/20100101 Firefox/76.0"
::1 - - [26/May/2020:22:09:02 +0000] "GET /api/profiles HTTP/1.1" 304 - "http://localhost:3000/" "Mozilla/5.0 (X11; Ubuntu; Linux x86_64; rv:76.0) Gecko/20100101 Firefox/76.0"
::1 - - [26/May/2020:22:09:39 +0000] "GET /api/profiles HTTP/1.1" 304 - "http://localhost:3000/" "Mozilla/5.0 (X11; Ubuntu; Linux x86_64; rv:76.0) Gecko/20100101 Firefox/76.0"
::1 - - [26/May/2020:22:10:09 +0000] "GET /api/profiles HTTP/1.1" 304 - "http://localhost:3000/" "Mozilla/5.0 (X11; Ubuntu; Linux x86_64; rv:76.0) Gecko/20100101 Firefox/76.0"
::1 - - [26/May/2020:22:10:37 +0000] "GET /api/profiles HTTP/1.1" 304 - "http://localhost:3000/" "Mozilla/5.0 (X11; Ubuntu; Linux x86_64; rv:76.0) Gecko/20100101 Firefox/76.0"
::1 - - [26/May/2020:22:10:56 +0000] "GET /api/profiles HTTP/1.1" 304 - "http://localhost:3000/" "Mozilla/5.0 (X11; Ubuntu; Linux x86_64; rv:76.0) Gecko/20100101 Firefox/76.0"
::1 - - [26/May/2020:22:15:41 +0000] "GET /api/profiles HTTP/1.1" 304 - "http://localhost:3000/" "Mozilla/5.0 (X11; Ubuntu; Linux x86_64; rv:76.0) Gecko/20100101 Firefox/76.0"
::1 - - [26/May/2020:22:15:44 +0000] "GET /api/profiles HTTP/1.1" 304 - "http://localhost:3000/" "Mozilla/5.0 (X11; Ubuntu; Linux x86_64; rv:76.0) Gecko/20100101 Firefox/76.0"
::1 - - [26/May/2020:22:17:37 +0000] "GET /api/profiles HTTP/1.1" 304 - "http://localhost:3000/" "Mozilla/5.0 (X11; Ubuntu; Linux x86_64; rv:76.0) Gecko/20100101 Firefox/76.0"
::1 - - [26/May/2020:22:27:09 +0000] "GET /api/profiles HTTP/1.1" 304 - "http://localhost:3000/" "Mozilla/5.0 (X11; Ubuntu; Linux x86_64; rv:76.0) Gecko/20100101 Firefox/76.0"
::1 - - [26/May/2020:22:27:57 +0000] "GET /api/profiles HTTP/1.1" 304 - "http://localhost:3000/" "Mozilla/5.0 (X11; Ubuntu; Linux x86_64; rv:76.0) Gecko/20100101 Firefox/76.0"
::1 - - [26/May/2020:22:28:48 +0000] "GET /api/profiles HTTP/1.1" 304 - "http://localhost:3000/" "Mozilla/5.0 (X11; Ubuntu; Linux x86_64; rv:76.0) Gecko/20100101 Firefox/76.0"
::1 - - [26/May/2020:22:29:09 +0000] "GET /api/profiles HTTP/1.1" 304 - "http://localhost:3000/" "Mozilla/5.0 (X11; Ubuntu; Linux x86_64; rv:76.0) Gecko/20100101 Firefox/76.0"
::1 - - [26/May/2020:22:30:28 +0000] "GET /api/profiles HTTP/1.1" 304 - "http://localhost:3000/" "Mozilla/5.0 (X11; Ubuntu; Linux x86_64; rv:76.0) Gecko/20100101 Firefox/76.0"
::1 - - [26/May/2020:22:32:06 +0000] "GET /api/profiles HTTP/1.1" 304 - "http://localhost:3000/" "Mozilla/5.0 (X11; Ubuntu; Linux x86_64; rv:76.0) Gecko/20100101 Firefox/76.0"
::1 - - [26/May/2020:22:32:35 +0000] "GET /api/profiles HTTP/1.1" 304 - "http://localhost:3000/" "Mozilla/5.0 (X11; Ubuntu; Linux x86_64; rv:76.0) Gecko/20100101 Firefox/76.0"
::1 - - [26/May/2020:22:33:01 +0000] "GET /api/profiles HTTP/1.1" 304 - "http://localhost:3000/" "Mozilla/5.0 (X11; Ubuntu; Linux x86_64; rv:76.0) Gecko/20100101 Firefox/76.0"
::1 - - [26/May/2020:22:33:28 +0000] "GET /api/profiles HTTP/1.1" 304 - "http://localhost:3000/" "Mozilla/5.0 (X11; Ubuntu; Linux x86_64; rv:76.0) Gecko/20100101 Firefox/76.0"
::1 - - [26/May/2020:22:34:17 +0000] "GET /api/profiles HTTP/1.1" 304 - "http://localhost:3000/" "Mozilla/5.0 (X11; Ubuntu; Linux x86_64; rv:76.0) Gecko/20100101 Firefox/76.0"
::1 - - [26/May/2020:22:35:23 +0000] "GET /api/profiles HTTP/1.1" 304 - "http://localhost:3000/" "Mozilla/5.0 (X11; Ubuntu; Linux x86_64; rv:76.0) Gecko/20100101 Firefox/76.0"
::1 - - [26/May/2020:22:36:13 +0000] "GET /api/profiles HTTP/1.1" 304 - "http://localhost:3000/" "Mozilla/5.0 (X11; Ubuntu; Linux x86_64; rv:76.0) Gecko/20100101 Firefox/76.0"
::1 - - [26/May/2020:22:36:58 +0000] "GET /api/profiles HTTP/1.1" 304 - "http://localhost:3000/" "Mozilla/5.0 (X11; Ubuntu; Linux x86_64; rv:76.0) Gecko/20100101 Firefox/76.0"
::1 - - [26/May/2020:22:38:19 +0000] "GET /api/profiles HTTP/1.1" 304 - "http://localhost:3000/" "Mozilla/5.0 (X11; Ubuntu; Linux x86_64; rv:76.0) Gecko/20100101 Firefox/76.0"
::1 - - [26/May/2020:22:38:35 +0000] "GET /api/profiles HTTP/1.1" 304 - "http://localhost:3000/" "Mozilla/5.0 (X11; Ubuntu; Linux x86_64; rv:76.0) Gecko/20100101 Firefox/76.0"
::1 - - [26/May/2020:22:39:18 +0000] "GET /api/profiles HTTP/1.1" 304 - "http://localhost:3000/" "Mozilla/5.0 (X11; Ubuntu; Linux x86_64; rv:76.0) Gecko/20100101 Firefox/76.0"
::1 - - [26/May/2020:22:40:25 +0000] "GET /api/profiles HTTP/1.1" 304 - "http://localhost:3000/" "Mozilla/5.0 (X11; Ubuntu; Linux x86_64; rv:76.0) Gecko/20100101 Firefox/76.0"
::1 - - [26/May/2020:22:41:16 +0000] "GET /api/profiles HTTP/1.1" 304 - "http://localhost:3000/" "Mozilla/5.0 (X11; Ubuntu; Linux x86_64; rv:76.0) Gecko/20100101 Firefox/76.0"
::1 - - [26/May/2020:22:43:46 +0000] "GET /api/profiles HTTP/1.1" 304 - "http://localhost:3000/" "Mozilla/5.0 (X11; Ubuntu; Linux x86_64; rv:76.0) Gecko/20100101 Firefox/76.0"
::1 - - [26/May/2020:22:45:35 +0000] "GET /api/profiles HTTP/1.1" 304 - "http://localhost:3000/" "Mozilla/5.0 (X11; Ubuntu; Linux x86_64; rv:76.0) Gecko/20100101 Firefox/76.0"
::1 - - [26/May/2020:22:46:00 +0000] "GET /api/profiles HTTP/1.1" 304 - "http://localhost:3000/" "Mozilla/5.0 (X11; Ubuntu; Linux x86_64; rv:76.0) Gecko/20100101 Firefox/76.0"
::1 - - [26/May/2020:22:46:02 +0000] "POST /api/profiles HTTP/1.1" 200 39 "http://localhost:3000/" "Mozilla/5.0 (X11; Ubuntu; Linux x86_64; rv:76.0) Gecko/20100101 Firefox/76.0"
::1 - - [26/May/2020:22:46:22 +0000] "GET /api/profiles HTTP/1.1" 200 539 "http://localhost:3000/" "Mozilla/5.0 (X11; Ubuntu; Linux x86_64; rv:76.0) Gecko/20100101 Firefox/76.0"
::1 - - [26/May/2020:22:48:08 +0000] "GET /api/profiles HTTP/1.1" 304 - "http://localhost:3000/" "Mozilla/5.0 (X11; Ubuntu; Linux x86_64; rv:76.0) Gecko/20100101 Firefox/76.0"
::1 - - [27/May/2020:07:09:38 +0000] "GET /api/profiles HTTP/1.1" 200 539 "http://localhost:3000/" "Mozilla/5.0 (X11; Ubuntu; Linux x86_64; rv:76.0) Gecko/20100101 Firefox/76.0"
::1 - - [27/May/2020:07:27:07 +0000] "GET /api/profiles HTTP/1.1" 304 - "http://localhost:3000/" "Mozilla/5.0 (X11; Ubuntu; Linux x86_64; rv:76.0) Gecko/20100101 Firefox/76.0"
::1 - - [27/May/2020:07:27:47 +0000] "GET /api/profiles HTTP/1.1" 304 - "http://localhost:3000/" "Mozilla/5.0 (X11; Ubuntu; Linux x86_64; rv:76.0) Gecko/20100101 Firefox/76.0"
::1 - - [27/May/2020:07:31:55 +0000] "GET /api/profiles HTTP/1.1" 304 - "http://localhost:3000/" "Mozilla/5.0 (X11; Ubuntu; Linux x86_64; rv:76.0) Gecko/20100101 Firefox/76.0"
::1 - - [27/May/2020:07:32:42 +0000] "GET /api/profiles HTTP/1.1" 304 - "http://localhost:3000/" "Mozilla/5.0 (X11; Ubuntu; Linux x86_64; rv:76.0) Gecko/20100101 Firefox/76.0"
::1 - - [27/May/2020:07:33:38 +0000] "GET /api/profiles HTTP/1.1" 304 - "http://localhost:3000/" "Mozilla/5.0 (X11; Ubuntu; Linux x86_64; rv:76.0) Gecko/20100101 Firefox/76.0"
::1 - - [27/May/2020:07:35:48 +0000] "GET /api/profiles HTTP/1.1" 304 - "http://localhost:3000/" "Mozilla/5.0 (X11; Ubuntu; Linux x86_64; rv:76.0) Gecko/20100101 Firefox/76.0"
::1 - - [27/May/2020:07:39:12 +0000] "GET /api/profiles HTTP/1.1" 304 - "http://localhost:3000/" "Mozilla/5.0 (X11; Ubuntu; Linux x86_64; rv:76.0) Gecko/20100101 Firefox/76.0"
::1 - - [27/May/2020:07:39:35 +0000] "GET /api/profiles HTTP/1.1" 304 - "http://localhost:3000/" "Mozilla/5.0 (X11; Ubuntu; Linux x86_64; rv:76.0) Gecko/20100101 Firefox/76.0"
::1 - - [27/May/2020:07:39:43 +0000] "GET /api/profiles HTTP/1.1" 304 - "http://localhost:3000/" "Mozilla/5.0 (X11; Ubuntu; Linux x86_64; rv:76.0) Gecko/20100101 Firefox/76.0"
::1 - - [27/May/2020:07:41:30 +0000] "GET /api/profiles HTTP/1.1" 304 - "http://localhost:3000/" "Mozilla/5.0 (X11; Ubuntu; Linux x86_64; rv:76.0) Gecko/20100101 Firefox/76.0"
::1 - - [27/May/2020:07:41:43 +0000] "GET /api/profiles HTTP/1.1" 304 - "http://localhost:3000/" "Mozilla/5.0 (X11; Ubuntu; Linux x86_64; rv:76.0) Gecko/20100101 Firefox/76.0"
::1 - - [27/May/2020:07:42:42 +0000] "GET /api/profiles HTTP/1.1" 304 - "http://localhost:3000/" "Mozilla/5.0 (X11; Ubuntu; Linux x86_64; rv:76.0) Gecko/20100101 Firefox/76.0"
::1 - - [27/May/2020:07:42:51 +0000] "GET /api/profiles HTTP/1.1" 304 - "http://localhost:3000/" "Mozilla/5.0 (X11; Ubuntu; Linux x86_64; rv:76.0) Gecko/20100101 Firefox/76.0"
::1 - - [27/May/2020:07:43:17 +0000] "GET /api/profiles HTTP/1.1" 304 - "http://localhost:3000/" "Mozilla/5.0 (X11; Ubuntu; Linux x86_64; rv:76.0) Gecko/20100101 Firefox/76.0"
::1 - - [27/May/2020:07:43:25 +0000] "GET /api/profiles HTTP/1.1" 304 - "http://localhost:3000/" "Mozilla/5.0 (X11; Ubuntu; Linux x86_64; rv:76.0) Gecko/20100101 Firefox/76.0"
::1 - - [27/May/2020:07:43:27 +0000] "GET /api/profiles HTTP/1.1" 304 - "http://localhost:3000/" "Mozilla/5.0 (X11; Ubuntu; Linux x86_64; rv:76.0) Gecko/20100101 Firefox/76.0"
::1 - - [27/May/2020:07:44:13 +0000] "GET /api/profiles HTTP/1.1" 304 - "http://localhost:3000/" "Mozilla/5.0 (X11; Ubuntu; Linux x86_64; rv:76.0) Gecko/20100101 Firefox/76.0"
::1 - - [27/May/2020:07:45:29 +0000] "GET /api/profiles HTTP/1.1" 304 - "http://localhost:3000/" "Mozilla/5.0 (X11; Ubuntu; Linux x86_64; rv:76.0) Gecko/20100101 Firefox/76.0"
::1 - - [27/May/2020:07:45:31 +0000] "GET /api/profiles HTTP/1.1" 304 - "http://localhost:3000/" "Mozilla/5.0 (X11; Ubuntu; Linux x86_64; rv:76.0) Gecko/20100101 Firefox/76.0"
::1 - - [27/May/2020:07:46:21 +0000] "GET /api/profiles HTTP/1.1" 304 - "http://localhost:3000/" "Mozilla/5.0 (X11; Ubuntu; Linux x86_64; rv:76.0) Gecko/20100101 Firefox/76.0"
::1 - - [27/May/2020:07:49:03 +0000] "GET /api/profiles HTTP/1.1" 304 - "http://localhost:3000/" "Mozilla/5.0 (X11; Ubuntu; Linux x86_64; rv:76.0) Gecko/20100101 Firefox/76.0"
::1 - - [27/May/2020:07:49:40 +0000] "GET /api/profiles HTTP/1.1" 304 - "http://localhost:3000/" "Mozilla/5.0 (X11; Ubuntu; Linux x86_64; rv:76.0) Gecko/20100101 Firefox/76.0"
::1 - - [27/May/2020:07:51:33 +0000] "GET /api/profiles HTTP/1.1" 304 - "http://localhost:3000/" "Mozilla/5.0 (X11; Ubuntu; Linux x86_64; rv:76.0) Gecko/20100101 Firefox/76.0"
::1 - - [27/May/2020:07:51:51 +0000] "GET /api/profiles HTTP/1.1" 304 - "http://localhost:3000/" "Mozilla/5.0 (X11; Ubuntu; Linux x86_64; rv:76.0) Gecko/20100101 Firefox/76.0"
::1 - - [27/May/2020:08:02:01 +0000] "GET /api/profiles HTTP/1.1" 304 - "http://localhost:3000/" "Mozilla/5.0 (X11; Ubuntu; Linux x86_64; rv:76.0) Gecko/20100101 Firefox/76.0"
::1 - - [27/May/2020:08:04:12 +0000] "GET /api/profiles HTTP/1.1" 304 - "http://localhost:3000/" "Mozilla/5.0 (X11; Ubuntu; Linux x86_64; rv:76.0) Gecko/20100101 Firefox/76.0"
::1 - - [27/May/2020:08:04:35 +0000] "GET /api/profiles HTTP/1.1" 304 - "http://localhost:3000/" "Mozilla/5.0 (X11; Ubuntu; Linux x86_64; rv:76.0) Gecko/20100101 Firefox/76.0"
::1 - - [27/May/2020:08:04:40 +0000] "GET /api/profiles HTTP/1.1" 304 - "http://localhost:3000/" "Mozilla/5.0 (X11; Ubuntu; Linux x86_64; rv:76.0) Gecko/20100101 Firefox/76.0"
::1 - - [27/May/2020:08:07:59 +0000] "GET /api/profiles HTTP/1.1" 304 - "http://localhost:3000/" "Mozilla/5.0 (X11; Ubuntu; Linux x86_64; rv:76.0) Gecko/20100101 Firefox/76.0"
::1 - - [27/May/2020:08:08:08 +0000] "DELETE /api/profiles/delete HTTP/1.1" - - "http://localhost:3000/" "Mozilla/5.0 (X11; Ubuntu; Linux x86_64; rv:76.0) Gecko/20100101 Firefox/76.0"
::1 - - [27/May/2020:08:08:09 +0000] "GET /api/profiles HTTP/1.1" 304 - "http://localhost:3000/" "Mozilla/5.0 (X11; Ubuntu; Linux x86_64; rv:76.0) Gecko/20100101 Firefox/76.0"
::1 - - [27/May/2020:08:11:28 +0000] "GET /api/profiles HTTP/1.1" 304 - "http://localhost:3000/" "Mozilla/5.0 (X11; Ubuntu; Linux x86_64; rv:76.0) Gecko/20100101 Firefox/76.0"
::1 - - [27/May/2020:08:12:37 +0000] "GET /api/profiles HTTP/1.1" 304 - "http://localhost:3000/" "Mozilla/5.0 (X11; Ubuntu; Linux x86_64; rv:76.0) Gecko/20100101 Firefox/76.0"
::1 - - [27/May/2020:08:13:15 +0000] "GET /api/profiles HTTP/1.1" 304 - "http://localhost:3000/" "Mozilla/5.0 (X11; Ubuntu; Linux x86_64; rv:76.0) Gecko/20100101 Firefox/76.0"
::1 - - [27/May/2020:08:17:29 +0000] "GET /api/profiles HTTP/1.1" 304 - "http://localhost:3000/" "Mozilla/5.0 (X11; Ubuntu; Linux x86_64; rv:76.0) Gecko/20100101 Firefox/76.0"
::1 - - [27/May/2020:08:18:58 +0000] "GET /client/app/handlers.js HTTP/1.1" 404 161 "http://localhost:3000/" "Mozilla/5.0 (X11; Ubuntu; Linux x86_64; rv:76.0) Gecko/20100101 Firefox/76.0"
::1 - - [27/May/2020:08:18:58 +0000] "GET /client/app/handlers.js HTTP/1.1" 404 161 "http://localhost:3000/" "Mozilla/5.0 (X11; Ubuntu; Linux x86_64; rv:76.0) Gecko/20100101 Firefox/76.0"
::1 - - [27/May/2020:08:18:58 +0000] "GET /api/profiles HTTP/1.1" 304 - "http://localhost:3000/" "Mozilla/5.0 (X11; Ubuntu; Linux x86_64; rv:76.0) Gecko/20100101 Firefox/76.0"
::1 - - [27/May/2020:08:20:01 +0000] "GET /client/app/handlers.js HTTP/1.1" 404 161 "http://localhost:3000/" "Mozilla/5.0 (X11; Ubuntu; Linux x86_64; rv:76.0) Gecko/20100101 Firefox/76.0"
::1 - - [27/May/2020:08:20:01 +0000] "GET /client/app/handlers.js HTTP/1.1" 404 161 "http://localhost:3000/" "Mozilla/5.0 (X11; Ubuntu; Linux x86_64; rv:76.0) Gecko/20100101 Firefox/76.0"
::1 - - [27/May/2020:08:20:01 +0000] "GET /api/profiles HTTP/1.1" 304 - "http://localhost:3000/" "Mozilla/5.0 (X11; Ubuntu; Linux x86_64; rv:76.0) Gecko/20100101 Firefox/76.0"
::1 - - [27/May/2020:08:23:43 +0000] "GET /client/app/handlers.js HTTP/1.1" 404 161 "http://localhost:3000/" "Mozilla/5.0 (X11; Ubuntu; Linux x86_64; rv:76.0) Gecko/20100101 Firefox/76.0"
::1 - - [27/May/2020:08:23:43 +0000] "GET /api/profiles HTTP/1.1" 304 - "http://localhost:3000/" "Mozilla/5.0 (X11; Ubuntu; Linux x86_64; rv:76.0) Gecko/20100101 Firefox/76.0"
::1 - - [27/May/2020:08:33:01 +0000] "GET /api/profiles HTTP/1.1" 304 - "http://localhost:3000/" "Mozilla/5.0 (X11; Ubuntu; Linux x86_64; rv:76.0) Gecko/20100101 Firefox/76.0"
::1 - - [27/May/2020:08:33:50 +0000] "GET /api/profiles HTTP/1.1" 304 - "http://localhost:3000/" "Mozilla/5.0 (X11; Ubuntu; Linux x86_64; rv:76.0) Gecko/20100101 Firefox/76.0"
::1 - - [27/May/2020:08:36:21 +0000] "GET /api/profiles HTTP/1.1" 304 - "http://localhost:3000/" "Mozilla/5.0 (X11; Ubuntu; Linux x86_64; rv:76.0) Gecko/20100101 Firefox/76.0"
::1 - - [27/May/2020:08:38:14 +0000] "GET /api/profiles HTTP/1.1" 304 - "http://localhost:3000/" "Mozilla/5.0 (X11; Ubuntu; Linux x86_64; rv:76.0) Gecko/20100101 Firefox/76.0"
::1 - - [27/May/2020:08:40:13 +0000] "GET /api/profiles HTTP/1.1" 304 - "http://localhost:3000/" "Mozilla/5.0 (X11; Ubuntu; Linux x86_64; rv:76.0) Gecko/20100101 Firefox/76.0"
::1 - - [27/May/2020:08:40:37 +0000] "GET /api/profiles HTTP/1.1" 304 - "http://localhost:3000/" "Mozilla/5.0 (X11; Ubuntu; Linux x86_64; rv:76.0) Gecko/20100101 Firefox/76.0"
::1 - - [27/May/2020:08:41:38 +0000] "GET /api/profiles HTTP/1.1" 304 - "http://localhost:3000/" "Mozilla/5.0 (X11; Ubuntu; Linux x86_64; rv:76.0) Gecko/20100101 Firefox/76.0"
::1 - - [27/May/2020:08:42:28 +0000] "GET /api/profiles HTTP/1.1" 304 - "http://localhost:3000/" "Mozilla/5.0 (X11; Ubuntu; Linux x86_64; rv:76.0) Gecko/20100101 Firefox/76.0"
::1 - - [27/May/2020:08:43:19 +0000] "GET /api/profiles HTTP/1.1" 304 - "http://localhost:3000/" "Mozilla/5.0 (X11; Ubuntu; Linux x86_64; rv:76.0) Gecko/20100101 Firefox/76.0"
::1 - - [27/May/2020:08:44:23 +0000] "GET /api/profiles HTTP/1.1" 304 - "http://localhost:3000/" "Mozilla/5.0 (X11; Ubuntu; Linux x86_64; rv:76.0) Gecko/20100101 Firefox/76.0"
::1 - - [27/May/2020:08:44:55 +0000] "GET /api/profiles HTTP/1.1" 304 - "http://localhost:3000/" "Mozilla/5.0 (X11; Ubuntu; Linux x86_64; rv:76.0) Gecko/20100101 Firefox/76.0"
::1 - - [27/May/2020:08:47:56 +0000] "GET /api/profiles HTTP/1.1" 304 - "http://localhost:3000/" "Mozilla/5.0 (X11; Ubuntu; Linux x86_64; rv:76.0) Gecko/20100101 Firefox/76.0"
::1 - - [27/May/2020:08:48:50 +0000] "GET /api/profiles HTTP/1.1" 304 - "http://localhost:3000/" "Mozilla/5.0 (X11; Ubuntu; Linux x86_64; rv:76.0) Gecko/20100101 Firefox/76.0"
::1 - - [27/May/2020:11:39:11 +0000] "GET /api/profiles HTTP/1.1" 304 - "http://localhost:3000/" "Mozilla/5.0 (X11; Ubuntu; Linux x86_64; rv:76.0) Gecko/20100101 Firefox/76.0"
::1 - - [27/May/2020:11:40:39 +0000] "GET /api/profiles HTTP/1.1" 304 - "http://localhost:3000/" "Mozilla/5.0 (X11; Ubuntu; Linux x86_64; rv:76.0) Gecko/20100101 Firefox/76.0"
::1 - - [27/May/2020:11:42:06 +0000] "GET /client/app/handlers.js HTTP/1.1" 404 161 "http://localhost:3000/" "Mozilla/5.0 (X11; Ubuntu; Linux x86_64; rv:76.0) Gecko/20100101 Firefox/76.0"
::1 - - [27/May/2020:11:42:06 +0000] "GET /api/profiles HTTP/1.1" 304 - "http://localhost:3000/" "Mozilla/5.0 (X11; Ubuntu; Linux x86_64; rv:76.0) Gecko/20100101 Firefox/76.0"
::1 - - [27/May/2020:11:49:09 +0000] "POST /api/profiles HTTP/1.1" 200 51 "http://localhost:3000/" "Mozilla/5.0 (X11; Ubuntu; Linux x86_64; rv:76.0) Gecko/20100101 Firefox/76.0"
::1 - - [27/May/2020:11:49:16 +0000] "GET /client/app/handlers.js HTTP/1.1" 404 161 "http://localhost:3000/" "Mozilla/5.0 (X11; Ubuntu; Linux x86_64; rv:76.0) Gecko/20100101 Firefox/76.0"
::1 - - [27/May/2020:11:49:16 +0000] "GET /api/profiles HTTP/1.1" 200 591 "http://localhost:3000/" "Mozilla/5.0 (X11; Ubuntu; Linux x86_64; rv:76.0) Gecko/20100101 Firefox/76.0"
::1 - - [27/May/2020:11:49:25 +0000] "POST /api/profiles HTTP/1.1" 200 49 "http://localhost:3000/" "Mozilla/5.0 (X11; Ubuntu; Linux x86_64; rv:76.0) Gecko/20100101 Firefox/76.0"
::1 - - [27/May/2020:11:52:59 +0000] "GET /client/app/handlers.js HTTP/1.1" 404 161 "http://localhost:3000/" "Mozilla/5.0 (X11; Ubuntu; Linux x86_64; rv:76.0) Gecko/20100101 Firefox/76.0"
::1 - - [27/May/2020:11:52:59 +0000] "GET /api/profiles HTTP/1.1" 200 641 "http://localhost:3000/" "Mozilla/5.0 (X11; Ubuntu; Linux x86_64; rv:76.0) Gecko/20100101 Firefox/76.0"
::1 - - [27/May/2020:11:53:15 +0000] "POST /api/profiles/delete HTTP/1.1" - - "http://localhost:3000/" "Mozilla/5.0 (X11; Ubuntu; Linux x86_64; rv:76.0) Gecko/20100101 Firefox/76.0"
::1 - - [27/May/2020:11:53:15 +0000] "GET /client/app/handlers.js HTTP/1.1" 404 161 "http://localhost:3000/" "Mozilla/5.0 (X11; Ubuntu; Linux x86_64; rv:76.0) Gecko/20100101 Firefox/76.0"
::1 - - [27/May/2020:11:53:16 +0000] "GET /api/profiles HTTP/1.1" 304 - "http://localhost:3000/" "Mozilla/5.0 (X11; Ubuntu; Linux x86_64; rv:76.0) Gecko/20100101 Firefox/76.0"
::1 - - [27/May/2020:11:53:44 +0000] "GET /api/profiles HTTP/1.1" 304 - "http://localhost:3000/" "Mozilla/5.0 (X11; Ubuntu; Linux x86_64; rv:76.0) Gecko/20100101 Firefox/76.0"
::1 - - [27/May/2020:12:02:32 +0000] "GET /api/profiles HTTP/1.1" 304 - "http://localhost:3000/" "Mozilla/5.0 (X11; Ubuntu; Linux x86_64; rv:76.0) Gecko/20100101 Firefox/76.0"
::1 - - [27/May/2020:12:04:12 +0000] "GET /api/profiles HTTP/1.1" 304 - "http://localhost:3000/" "Mozilla/5.0 (X11; Ubuntu; Linux x86_64; rv:76.0) Gecko/20100101 Firefox/76.0"
::1 - - [27/May/2020:12:49:18 +0000] "GET /api/profiles HTTP/1.1" 304 - "http://localhost:3000/" "Mozilla/5.0 (X11; Ubuntu; Linux x86_64; rv:76.0) Gecko/20100101 Firefox/76.0"
::1 - - [27/May/2020:12:49:28 +0000] "GET /api/profiles HTTP/1.1" 304 - "http://localhost:3000/" "Mozilla/5.0 (X11; Ubuntu; Linux x86_64; rv:76.0) Gecko/20100101 Firefox/76.0"
::1 - - [27/May/2020:12:49:38 +0000] "GET /api/profiles HTTP/1.1" 304 - "http://localhost:3000/" "Mozilla/5.0 (X11; Ubuntu; Linux x86_64; rv:76.0) Gecko/20100101 Firefox/76.0"
::1 - - [27/May/2020:12:51:25 +0000] "GET /api/profiles HTTP/1.1" 304 - "http://localhost:3000/" "Mozilla/5.0 (X11; Ubuntu; Linux x86_64; rv:76.0) Gecko/20100101 Firefox/76.0"
::1 - - [27/May/2020:12:52:43 +0000] "GET /api/profiles HTTP/1.1" 304 - "http://localhost:3000/" "Mozilla/5.0 (X11; Ubuntu; Linux x86_64; rv:76.0) Gecko/20100101 Firefox/76.0"
::1 - - [27/May/2020:12:52:50 +0000] "POST /api/profiles/delete HTTP/1.1" 200 39 "http://localhost:3000/" "Mozilla/5.0 (X11; Ubuntu; Linux x86_64; rv:76.0) Gecko/20100101 Firefox/76.0"
::1 - - [27/May/2020:12:52:58 +0000] "GET /api/profiles HTTP/1.1" 200 601 "http://localhost:3000/" "Mozilla/5.0 (X11; Ubuntu; Linux x86_64; rv:76.0) Gecko/20100101 Firefox/76.0"
::1 - - [27/May/2020:12:54:25 +0000] "GET /api/profiles HTTP/1.1" 304 - "http://localhost:3000/" "Mozilla/5.0 (X11; Ubuntu; Linux x86_64; rv:76.0) Gecko/20100101 Firefox/76.0"
::1 - - [27/May/2020:12:54:31 +0000] "POST /api/profiles/delete HTTP/1.1" 200 43 "http://localhost:3000/" "Mozilla/5.0 (X11; Ubuntu; Linux x86_64; rv:76.0) Gecko/20100101 Firefox/76.0"
::1 - - [27/May/2020:12:58:50 +0000] "GET /api/profiles HTTP/1.1" 200 557 "http://localhost:3000/" "Mozilla/5.0 (X11; Ubuntu; Linux x86_64; rv:76.0) Gecko/20100101 Firefox/76.0"
::1 - - [27/May/2020:12:58:57 +0000] "POST /api/profiles/delete HTTP/1.1" 302 46 "http://localhost:3000/" "Mozilla/5.0 (X11; Ubuntu; Linux x86_64; rv:76.0) Gecko/20100101 Firefox/76.0"
::1 - - [27/May/2020:12:58:59 +0000] "GET /api/profiles HTTP/1.1" 200 507 "http://localhost:3000/" "Mozilla/5.0 (X11; Ubuntu; Linux x86_64; rv:76.0) Gecko/20100101 Firefox/76.0"
::1 - - [27/May/2020:13:01:13 +0000] "GET /api/profiles HTTP/1.1" 304 - "http://localhost:3000/" "Mozilla/5.0 (X11; Ubuntu; Linux x86_64; rv:76.0) Gecko/20100101 Firefox/76.0"
::1 - - [27/May/2020:13:01:30 +0000] "GET /api/profiles HTTP/1.1" 304 - "http://localhost:3000/" "Mozilla/5.0 (X11; Ubuntu; Linux x86_64; rv:76.0) Gecko/20100101 Firefox/76.0"
::1 - - [27/May/2020:13:02:02 +0000] "GET /api/profiles HTTP/1.1" 304 - "http://localhost:3000/" "Mozilla/5.0 (X11; Ubuntu; Linux x86_64; rv:76.0) Gecko/20100101 Firefox/76.0"
::1 - - [27/May/2020:13:04:22 +0000] "GET /api/profiles HTTP/1.1" 304 - "http://localhost:3000/" "Mozilla/5.0 (X11; Ubuntu; Linux x86_64; rv:76.0) Gecko/20100101 Firefox/76.0"
::1 - - [27/May/2020:13:05:08 +0000] "GET /api/profiles HTTP/1.1" 304 - "http://localhost:3000/" "Mozilla/5.0 (X11; Ubuntu; Linux x86_64; rv:76.0) Gecko/20100101 Firefox/76.0"
::1 - - [27/May/2020:13:06:18 +0000] "GET /api/profiles HTTP/1.1" 304 - "http://localhost:3000/" "Mozilla/5.0 (X11; Ubuntu; Linux x86_64; rv:76.0) Gecko/20100101 Firefox/76.0"
::1 - - [27/May/2020:13:06:55 +0000] "GET /api/profiles HTTP/1.1" 304 - "http://localhost:3000/" "Mozilla/5.0 (X11; Ubuntu; Linux x86_64; rv:76.0) Gecko/20100101 Firefox/76.0"
::1 - - [27/May/2020:13:09:14 +0000] "GET /api/profiles HTTP/1.1" 304 - "http://localhost:3000/" "Mozilla/5.0 (X11; Ubuntu; Linux x86_64; rv:76.0) Gecko/20100101 Firefox/76.0"
::1 - - [27/May/2020:13:09:23 +0000] "POST /api/profiles/delete HTTP/1.1" 302 46 "http://localhost:3000/" "Mozilla/5.0 (X11; Ubuntu; Linux x86_64; rv:76.0) Gecko/20100101 Firefox/76.0"
::ffff:127.0.0.1 - - [27/May/2020:13:09:25 +0000] "GET /api/profiles HTTP/1.1" 200 455 "http://localhost:3000/" "Mozilla/5.0 (X11; Ubuntu; Linux x86_64; rv:76.0) Gecko/20100101 Firefox/76.0"
::ffff:127.0.0.1 - - [27/May/2020:13:10:44 +0000] "GET /api/profiles HTTP/1.1" 304 - "http://localhost:3000/" "Mozilla/5.0 (X11; Ubuntu; Linux x86_64; rv:76.0) Gecko/20100101 Firefox/76.0"
::ffff:127.0.0.1 - - [27/May/2020:13:11:07 +0000] "POST /api/profiles/delete HTTP/1.1" 302 46 "http://localhost:3000/" "Mozilla/5.0 (X11; Ubuntu; Linux x86_64; rv:76.0) Gecko/20100101 Firefox/76.0"
::ffff:127.0.0.1 - - [27/May/2020:13:11:09 +0000] "GET /api/profiles HTTP/1.1" 200 413 "http://localhost:3000/" "Mozilla/5.0 (X11; Ubuntu; Linux x86_64; rv:76.0) Gecko/20100101 Firefox/76.0"
::ffff:127.0.0.1 - - [27/May/2020:13:11:46 +0000] "POST /api/profiles HTTP/1.1" 200 40 "http://localhost:3000/" "Mozilla/5.0 (X11; Ubuntu; Linux x86_64; rv:76.0) Gecko/20100101 Firefox/76.0"
::ffff:127.0.0.1 - - [27/May/2020:13:17:07 +0000] "GET /api/profiles HTTP/1.1" 200 454 "http://localhost:3000/" "Mozilla/5.0 (X11; Ubuntu; Linux x86_64; rv:76.0) Gecko/20100101 Firefox/76.0"
::ffff:127.0.0.1 - - [27/May/2020:13:18:37 +0000] "GET /api/profiles HTTP/1.1" 304 - "http://localhost:3000/" "Mozilla/5.0 (X11; Ubuntu; Linux x86_64; rv:76.0) Gecko/20100101 Firefox/76.0"
::ffff:127.0.0.1 - - [27/May/2020:13:20:17 +0000] "GET /api/profiles HTTP/1.1" 304 - "http://localhost:3000/" "Mozilla/5.0 (X11; Ubuntu; Linux x86_64; rv:76.0) Gecko/20100101 Firefox/76.0"
::ffff:127.0.0.1 - - [27/May/2020:13:23:07 +0000] "GET /api/profiles HTTP/1.1" 304 - "http://localhost:3000/" "Mozilla/5.0 (X11; Ubuntu; Linux x86_64; rv:76.0) Gecko/20100101 Firefox/76.0"
::ffff:127.0.0.1 - - [27/May/2020:13:24:01 +0000] "GET /api/profiles HTTP/1.1" 304 - "http://localhost:3000/" "Mozilla/5.0 (X11; Ubuntu; Linux x86_64; rv:76.0) Gecko/20100101 Firefox/76.0"
::ffff:127.0.0.1 - - [27/May/2020:13:24:32 +0000] "GET /api/profiles HTTP/1.1" 304 - "http://localhost:3000/" "Mozilla/5.0 (X11; Ubuntu; Linux x86_64; rv:76.0) Gecko/20100101 Firefox/76.0"
::ffff:127.0.0.1 - - [27/May/2020:13:24:49 +0000] "GET /api/profiles HTTP/1.1" 304 - "http://localhost:3000/" "Mozilla/5.0 (X11; Ubuntu; Linux x86_64; rv:76.0) Gecko/20100101 Firefox/76.0"
::ffff:127.0.0.1 - - [27/May/2020:13:24:51 +0000] "GET /api/profiles HTTP/1.1" 304 - "http://localhost:3000/" "Mozilla/5.0 (X11; Ubuntu; Linux x86_64; rv:76.0) Gecko/20100101 Firefox/76.0"
::ffff:127.0.0.1 - - [27/May/2020:13:25:30 +0000] "POST /api/profiles/delete HTTP/1.1" 302 46 "http://localhost:3000/" "Mozilla/5.0 (X11; Ubuntu; Linux x86_64; rv:76.0) Gecko/20100101 Firefox/76.0"
::1 - - [27/May/2020:13:25:32 +0000] "GET /api/profiles HTTP/1.1" 200 413 "http://localhost:3000/" "Mozilla/5.0 (X11; Ubuntu; Linux x86_64; rv:76.0) Gecko/20100101 Firefox/76.0"
::ffff:127.0.0.1 - - [27/May/2020:13:26:23 +0000] "GET /api/profiles HTTP/1.1" 304 - "http://localhost:3000/" "Mozilla/5.0 (X11; Ubuntu; Linux x86_64; rv:76.0) Gecko/20100101 Firefox/76.0"
::ffff:127.0.0.1 - - [27/May/2020:13:30:04 +0000] "GET /api/profiles HTTP/1.1" 304 - "http://localhost:3000/" "Mozilla/5.0 (X11; Ubuntu; Linux x86_64; rv:76.0) Gecko/20100101 Firefox/76.0"
::ffff:127.0.0.1 - - [27/May/2020:13:30:07 +0000] "GET /api/profiles HTTP/1.1" 304 - "http://localhost:3000/" "Mozilla/5.0 (X11; Ubuntu; Linux x86_64; rv:76.0) Gecko/20100101 Firefox/76.0"
::ffff:127.0.0.1 - - [27/May/2020:13:30:16 +0000] "GET /api/profiles HTTP/1.1" 304 - "http://localhost:3000/" "Mozilla/5.0 (X11; Ubuntu; Linux x86_64; rv:76.0) Gecko/20100101 Firefox/76.0"
::ffff:127.0.0.1 - - [27/May/2020:13:30:27 +0000] "POST /api/profiles/delete HTTP/1.1" 302 46 "http://localhost:3000/" "Mozilla/5.0 (X11; Ubuntu; Linux x86_64; rv:76.0) Gecko/20100101 Firefox/76.0"
::ffff:127.0.0.1 - - [27/May/2020:13:31:10 +0000] "GET /api/profiles HTTP/1.1" 200 371 "http://localhost:3000/" "Mozilla/5.0 (X11; Ubuntu; Linux x86_64; rv:76.0) Gecko/20100101 Firefox/76.0"
::ffff:127.0.0.1 - - [27/May/2020:13:42:46 +0000] "GET /api/profiles HTTP/1.1" 304 - "http://localhost:3000/" "Mozilla/5.0 (X11; Ubuntu; Linux x86_64; rv:76.0) Gecko/20100101 Firefox/76.0"
::ffff:127.0.0.1 - - [27/May/2020:13:43:26 +0000] "GET /api/profiles HTTP/1.1" 304 - "http://localhost:3000/" "Mozilla/5.0 (X11; Ubuntu; Linux x86_64; rv:76.0) Gecko/20100101 Firefox/76.0"
::ffff:127.0.0.1 - - [27/May/2020:13:47:39 +0000] "GET /api/profiles HTTP/1.1" 304 - "http://localhost:3000/" "Mozilla/5.0 (X11; Ubuntu; Linux x86_64; rv:76.0) Gecko/20100101 Firefox/76.0"
::ffff:127.0.0.1 - - [27/May/2020:13:48:08 +0000] "GET /api/profiles HTTP/1.1" 304 - "http://localhost:3000/" "Mozilla/5.0 (X11; Ubuntu; Linux x86_64; rv:76.0) Gecko/20100101 Firefox/76.0"
::ffff:127.0.0.1 - - [27/May/2020:13:51:03 +0000] "GET /api/profiles HTTP/1.1" 304 - "http://localhost:3000/" "Mozilla/5.0 (X11; Ubuntu; Linux x86_64; rv:76.0) Gecko/20100101 Firefox/76.0"
::ffff:127.0.0.1 - - [27/May/2020:13:52:53 +0000] "GET /api/profiles HTTP/1.1" 304 - "http://localhost:3000/" "Mozilla/5.0 (X11; Ubuntu; Linux x86_64; rv:76.0) Gecko/20100101 Firefox/76.0"
::ffff:127.0.0.1 - - [27/May/2020:14:08:14 +0000] "GET /api/profiles HTTP/1.1" 304 - "http://localhost:3000/" "Mozilla/5.0 (X11; Ubuntu; Linux x86_64; rv:76.0) Gecko/20100101 Firefox/76.0"
::ffff:127.0.0.1 - - [27/May/2020:14:11:02 +0000] "GET /api/profiles HTTP/1.1" 304 - "http://localhost:3000/" "Mozilla/5.0 (X11; Ubuntu; Linux x86_64; rv:76.0) Gecko/20100101 Firefox/76.0"
::ffff:127.0.0.1 - - [27/May/2020:14:12:33 +0000] "GET /api/profiles HTTP/1.1" 304 - "http://localhost:3000/" "Mozilla/5.0 (X11; Ubuntu; Linux x86_64; rv:76.0) Gecko/20100101 Firefox/76.0"
::ffff:127.0.0.1 - - [27/May/2020:14:14:10 +0000] "GET /api/profiles HTTP/1.1" 304 - "http://localhost:3000/" "Mozilla/5.0 (X11; Ubuntu; Linux x86_64; rv:76.0) Gecko/20100101 Firefox/76.0"
::ffff:127.0.0.1 - - [27/May/2020:14:15:51 +0000] "GET /api/profiles HTTP/1.1" 304 - "http://localhost:3000/" "Mozilla/5.0 (X11; Ubuntu; Linux x86_64; rv:76.0) Gecko/20100101 Firefox/76.0"
::ffff:127.0.0.1 - - [27/May/2020:14:16:39 +0000] "POST /api/profiles/change HTTP/1.1" 200 48 "http://localhost:3000/" "Mozilla/5.0 (X11; Ubuntu; Linux x86_64; rv:76.0) Gecko/20100101 Firefox/76.0"
::ffff:127.0.0.1 - - [27/May/2020:14:16:52 +0000] "GET /api/profiles HTTP/1.1" 200 374 "http://localhost:3000/" "Mozilla/5.0 (X11; Ubuntu; Linux x86_64; rv:76.0) Gecko/20100101 Firefox/76.0"
::ffff:127.0.0.1 - - [27/May/2020:14:17:40 +0000] "GET /api/profiles HTTP/1.1" 304 - "http://localhost:3000/" "Mozilla/5.0 (X11; Ubuntu; Linux x86_64; rv:76.0) Gecko/20100101 Firefox/76.0"
::ffff:127.0.0.1 - - [27/May/2020:14:18:33 +0000] "POST /api/profiles/change HTTP/1.1" 302 46 "http://localhost:3000/" "Mozilla/5.0 (X11; Ubuntu; Linux x86_64; rv:76.0) Gecko/20100101 Firefox/76.0"
::ffff:127.0.0.1 - - [27/May/2020:14:18:35 +0000] "GET /api/profiles HTTP/1.1" 200 321 "http://localhost:3000/" "Mozilla/5.0 (X11; Ubuntu; Linux x86_64; rv:76.0) Gecko/20100101 Firefox/76.0"
::ffff:127.0.0.1 - - [27/May/2020:14:19:48 +0000] "POST /api/profiles/change HTTP/1.1" 302 46 "http://localhost:3000/" "Mozilla/5.0 (X11; Ubuntu; Linux x86_64; rv:76.0) Gecko/20100101 Firefox/76.0"
::ffff:127.0.0.1 - - [27/May/2020:14:19:50 +0000] "GET /api/profiles HTTP/1.1" 200 321 "http://localhost:3000/" "Mozilla/5.0 (X11; Ubuntu; Linux x86_64; rv:76.0) Gecko/20100101 Firefox/76.0"
::ffff:127.0.0.1 - - [27/May/2020:14:23:10 +0000] "GET /api/profiles HTTP/1.1" 304 - "http://localhost:3000/" "Mozilla/5.0 (X11; Ubuntu; Linux x86_64; rv:76.0) Gecko/20100101 Firefox/76.0"
::ffff:127.0.0.1 - - [27/May/2020:14:23:21 +0000] "POST /api/profiles/view HTTP/1.1" 200 53 "http://localhost:3000/" "Mozilla/5.0 (X11; Ubuntu; Linux x86_64; rv:76.0) Gecko/20100101 Firefox/76.0"
::ffff:127.0.0.1 - - [27/May/2020:14:26:49 +0000] "POST /api/profiles/delete HTTP/1.1" 302 46 "http://localhost:3000/" "Mozilla/5.0 (X11; Ubuntu; Linux x86_64; rv:76.0) Gecko/20100101 Firefox/76.0"
::ffff:127.0.0.1 - - [27/May/2020:14:26:51 +0000] "GET /api/profiles HTTP/1.1" 200 267 "http://localhost:3000/" "Mozilla/5.0 (X11; Ubuntu; Linux x86_64; rv:76.0) Gecko/20100101 Firefox/76.0"
::ffff:127.0.0.1 - - [27/May/2020:14:27:21 +0000] "POST /api/profiles HTTP/1.1" 200 104 "http://localhost:3000/" "Mozilla/5.0 (X11; Ubuntu; Linux x86_64; rv:76.0) Gecko/20100101 Firefox/76.0"
::ffff:127.0.0.1 - - [27/May/2020:14:28:18 +0000] "GET /api/profiles HTTP/1.1" 200 372 "http://localhost:3000/" "Mozilla/5.0 (X11; Ubuntu; Linux x86_64; rv:76.0) Gecko/20100101 Firefox/76.0"
::ffff:127.0.0.1 - - [27/May/2020:14:29:01 +0000] "POST /api/profiles HTTP/1.1" 302 46 "http://localhost:3000/" "Mozilla/5.0 (X11; Ubuntu; Linux x86_64; rv:76.0) Gecko/20100101 Firefox/76.0"
::ffff:127.0.0.1 - - [27/May/2020:14:29:09 +0000] "GET /api/profiles HTTP/1.1" 200 474 "http://localhost:3000/" "Mozilla/5.0 (X11; Ubuntu; Linux x86_64; rv:76.0) Gecko/20100101 Firefox/76.0"
::ffff:127.0.0.1 - - [27/May/2020:14:29:26 +0000] "POST /api/profiles/view HTTP/1.1" 200 104 "http://localhost:3000/" "Mozilla/5.0 (X11; Ubuntu; Linux x86_64; rv:76.0) Gecko/20100101 Firefox/76.0"
::ffff:127.0.0.1 - - [27/May/2020:20:22:23 +0000] "GET /api/profiles HTTP/1.1" 304 - "http://localhost:3000/" "Mozilla/5.0 (X11; Ubuntu; Linux x86_64; rv:76.0) Gecko/20100101 Firefox/76.0"
::ffff:127.0.0.1 - - [27/May/2020:20:23:05 +0000] "POST /api/profiles HTTP/1.1" 302 46 "http://localhost:3000/" "Mozilla/5.0 (X11; Ubuntu; Linux x86_64; rv:76.0) Gecko/20100101 Firefox/76.0"
::ffff:127.0.0.1 - - [27/May/2020:20:23:08 +0000] "GET /api/profiles HTTP/1.1" 200 573 "http://localhost:3000/" "Mozilla/5.0 (X11; Ubuntu; Linux x86_64; rv:76.0) Gecko/20100101 Firefox/76.0"
::ffff:127.0.0.1 - - [27/May/2020:20:23:21 +0000] "POST /api/profiles/view HTTP/1.1" 200 101 "http://localhost:3000/" "Mozilla/5.0 (X11; Ubuntu; Linux x86_64; rv:76.0) Gecko/20100101 Firefox/76.0"
::ffff:127.0.0.1 - - [27/May/2020:20:24:21 +0000] "POST /api/profiles/change HTTP/1.1" 302 46 "http://localhost:3000/" "Mozilla/5.0 (X11; Ubuntu; Linux x86_64; rv:76.0) Gecko/20100101 Firefox/76.0"
::1 - - [27/May/2020:20:24:23 +0000] "GET /api/profiles HTTP/1.1" 200 523 "http://localhost:3000/" "Mozilla/5.0 (X11; Ubuntu; Linux x86_64; rv:76.0) Gecko/20100101 Firefox/76.0"
::1 - - [27/May/2020:20:25:53 +0000] "GET /api/profiles HTTP/1.1" 304 - "http://localhost:3000/" "Mozilla/5.0 (X11; Ubuntu; Linux x86_64; rv:76.0) Gecko/20100101 Firefox/76.0"
::1 - - [27/May/2020:20:26:26 +0000] "GET /api/profiles HTTP/1.1" 304 - "http://localhost:3000/" "Mozilla/5.0 (X11; Ubuntu; Linux x86_64; rv:76.0) Gecko/20100101 Firefox/76.0"
::1 - - [27/May/2020:20:26:44 +0000] "GET /api/profiles HTTP/1.1" 304 - "http://localhost:3000/" "Mozilla/5.0 (X11; Ubuntu; Linux x86_64; rv:76.0) Gecko/20100101 Firefox/76.0"
::1 - - [27/May/2020:20:26:59 +0000] "GET /api/profiles HTTP/1.1" 304 - "http://localhost:3000/" "Mozilla/5.0 (X11; Ubuntu; Linux x86_64; rv:76.0) Gecko/20100101 Firefox/76.0"
::1 - - [27/May/2020:20:27:12 +0000] "GET /api/profiles HTTP/1.1" 304 - "http://localhost:3000/" "Mozilla/5.0 (X11; Ubuntu; Linux x86_64; rv:76.0) Gecko/20100101 Firefox/76.0"
::1 - - [27/May/2020:20:29:15 +0000] "GET /api/profiles HTTP/1.1" 304 - "http://localhost:3000/" "Mozilla/5.0 (X11; Ubuntu; Linux x86_64; rv:76.0) Gecko/20100101 Firefox/76.0"
::1 - - [27/May/2020:20:29:40 +0000] "GET /api/profiles HTTP/1.1" 304 - "http://localhost:3000/" "Mozilla/5.0 (X11; Ubuntu; Linux x86_64; rv:76.0) Gecko/20100101 Firefox/76.0"
::1 - - [27/May/2020:20:29:57 +0000] "GET /api/profiles HTTP/1.1" 304 - "http://localhost:3000/" "Mozilla/5.0 (X11; Ubuntu; Linux x86_64; rv:76.0) Gecko/20100101 Firefox/76.0"
::1 - - [27/May/2020:20:30:39 +0000] "GET /api/profiles HTTP/1.1" 304 - "http://localhost:3000/" "Mozilla/5.0 (X11; Ubuntu; Linux x86_64; rv:76.0) Gecko/20100101 Firefox/76.0"
::1 - - [30/May/2020:07:24:53 +0000] "GET /api/profiles HTTP/1.1" 200 523 "http://localhost:3000/" "Mozilla/5.0 (X11; Ubuntu; Linux x86_64; rv:76.0) Gecko/20100101 Firefox/76.0"
::1 - - [30/May/2020:07:25:30 +0000] "POST /api/profiles HTTP/1.1" 302 46 "http://localhost:3000/" "Mozilla/5.0 (X11; Ubuntu; Linux x86_64; rv:76.0) Gecko/20100101 Firefox/76.0"
::ffff:127.0.0.1 - - [30/May/2020:07:26:05 +0000] "GET /api/profiles HTTP/1.1" 200 611 "http://localhost:3000/" "Mozilla/5.0 (X11; Ubuntu; Linux x86_64; rv:76.0) Gecko/20100101 Firefox/76.0"
::ffff:127.0.0.1 - - [30/May/2020:07:27:12 +0000] "GET /api/profiles HTTP/1.1" 304 - "http://localhost:3000/" "Mozilla/5.0 (X11; Ubuntu; Linux x86_64; rv:76.0) Gecko/20100101 Firefox/76.0"
::ffff:127.0.0.1 - - [30/May/2020:07:28:01 +0000] "GET /api/profiles HTTP/1.1" 304 - "http://localhost:3000/" "Mozilla/5.0 (X11; Ubuntu; Linux x86_64; rv:76.0) Gecko/20100101 Firefox/76.0"
::ffff:127.0.0.1 - - [30/May/2020:07:28:15 +0000] "GET /api/profiles HTTP/1.1" 304 - "http://localhost:3000/" "Mozilla/5.0 (X11; Ubuntu; Linux x86_64; rv:76.0) Gecko/20100101 Firefox/76.0"
::ffff:127.0.0.1 - - [30/May/2020:07:29:06 +0000] "POST /api/profiles/view HTTP/1.1" 200 104 "http://localhost:3000/" "Mozilla/5.0 (X11; Ubuntu; Linux x86_64; rv:76.0) Gecko/20100101 Firefox/76.0"
::ffff:127.0.0.1 - - [30/May/2020:07:29:49 +0000] "POST /api/profiles/change HTTP/1.1" 302 46 "http://localhost:3000/" "Mozilla/5.0 (X11; Ubuntu; Linux x86_64; rv:76.0) Gecko/20100101 Firefox/76.0"
::ffff:127.0.0.1 - - [30/May/2020:07:29:52 +0000] "GET /api/profiles HTTP/1.1" 200 573 "http://localhost:3000/" "Mozilla/5.0 (X11; Ubuntu; Linux x86_64; rv:76.0) Gecko/20100101 Firefox/76.0"
::ffff:127.0.0.1 - - [30/May/2020:07:37:19 +0000] "GET /api/profiles HTTP/1.1" 304 - "http://localhost:3000/" "Mozilla/5.0 (X11; Ubuntu; Linux x86_64; rv:76.0) Gecko/20100101 Firefox/76.0"
::ffff:127.0.0.1 - - [30/May/2020:07:37:22 +0000] "POST /api/profiles HTTP/1.1" 302 46 "http://localhost:3000/" "Mozilla/5.0 (X11; Ubuntu; Linux x86_64; rv:76.0) Gecko/20100101 Firefox/76.0"
::ffff:127.0.0.1 - - [30/May/2020:07:37:26 +0000] "GET /api/profiles HTTP/1.1" 200 635 "http://localhost:3000/" "Mozilla/5.0 (X11; Ubuntu; Linux x86_64; rv:76.0) Gecko/20100101 Firefox/76.0"
::ffff:127.0.0.1 - - [30/May/2020:07:43:33 +0000] "POST /api/profiles HTTP/1.1" 302 46 "http://localhost:3000/" "Mozilla/5.0 (X11; Ubuntu; Linux x86_64; rv:76.0) Gecko/20100101 Firefox/76.0"
::ffff:127.0.0.1 - - [30/May/2020:07:43:35 +0000] "GET /api/profiles HTTP/1.1" 200 697 "http://localhost:3000/" "Mozilla/5.0 (X11; Ubuntu; Linux x86_64; rv:76.0) Gecko/20100101 Firefox/76.0"
::ffff:127.0.0.1 - - [30/May/2020:07:43:37 +0000] "POST /api/profiles HTTP/1.1" 302 46 "http://localhost:3000/" "Mozilla/5.0 (X11; Ubuntu; Linux x86_64; rv:76.0) Gecko/20100101 Firefox/76.0"
::ffff:127.0.0.1 - - [30/May/2020:07:43:40 +0000] "GET /api/profiles HTTP/1.1" 200 759 "http://localhost:3000/" "Mozilla/5.0 (X11; Ubuntu; Linux x86_64; rv:76.0) Gecko/20100101 Firefox/76.0"
::ffff:127.0.0.1 - - [30/May/2020:07:43:42 +0000] "POST /api/profiles HTTP/1.1" 302 46 "http://localhost:3000/" "Mozilla/5.0 (X11; Ubuntu; Linux x86_64; rv:76.0) Gecko/20100101 Firefox/76.0"
::ffff:127.0.0.1 - - [30/May/2020:07:43:45 +0000] "GET /api/profiles HTTP/1.1" 200 821 "http://localhost:3000/" "Mozilla/5.0 (X11; Ubuntu; Linux x86_64; rv:76.0) Gecko/20100101 Firefox/76.0"
::ffff:127.0.0.1 - - [30/May/2020:07:44:33 +0000] "GET /api/profiles HTTP/1.1" 304 - "http://localhost:3000/" "Mozilla/5.0 (X11; Ubuntu; Linux x86_64; rv:76.0) Gecko/20100101 Firefox/76.0"
::ffff:127.0.0.1 - - [30/May/2020:07:44:36 +0000] "POST /api/profiles HTTP/1.1" 302 46 "http://localhost:3000/" "Mozilla/5.0 (X11; Ubuntu; Linux x86_64; rv:76.0) Gecko/20100101 Firefox/76.0"
::1 - - [30/May/2020:07:50:20 +0000] "GET /api/profiles HTTP/1.1" 200 883 "http://localhost:3000/" "Mozilla/5.0 (X11; Ubuntu; Linux x86_64; rv:76.0) Gecko/20100101 Firefox/76.0"
::ffff:127.0.0.1 - - [30/May/2020:07:51:32 +0000] "GET /api/profiles HTTP/1.1" 304 - "http://localhost:3000/" "Mozilla/5.0 (X11; Ubuntu; Linux x86_64; rv:76.0) Gecko/20100101 Firefox/76.0"
::ffff:127.0.0.1 - - [30/May/2020:07:51:35 +0000] "GET /api/profiles HTTP/1.1" 304 - "http://localhost:3000/" "Mozilla/5.0 (X11; Ubuntu; Linux x86_64; rv:76.0) Gecko/20100101 Firefox/76.0"
::ffff:127.0.0.1 - - [30/May/2020:07:54:55 +0000] "GET /api/profiles HTTP/1.1" 304 - "http://localhost:3000/" "Mozilla/5.0 (X11; Ubuntu; Linux x86_64; rv:76.0) Gecko/20100101 Firefox/76.0"
::ffff:127.0.0.1 - - [30/May/2020:07:54:57 +0000] "GET /api/profiles HTTP/1.1" 304 - "http://localhost:3000/" "Mozilla/5.0 (X11; Ubuntu; Linux x86_64; rv:76.0) Gecko/20100101 Firefox/76.0"
::ffff:127.0.0.1 - - [30/May/2020:07:55:00 +0000] "GET /api/profiles HTTP/1.1" 304 - "http://localhost:3000/" "Mozilla/5.0 (X11; Ubuntu; Linux x86_64; rv:76.0) Gecko/20100101 Firefox/76.0"
::ffff:127.0.0.1 - - [30/May/2020:09:13:52 +0000] "GET /api/profiles HTTP/1.1" 304 - "http://localhost:3000/" "Mozilla/5.0 (X11; Ubuntu; Linux x86_64; rv:76.0) Gecko/20100101 Firefox/76.0"
::ffff:127.0.0.1 - - [30/May/2020:09:14:32 +0000] "GET /api/profiles HTTP/1.1" 304 - "http://localhost:3000/" "Mozilla/5.0 (X11; Ubuntu; Linux x86_64; rv:76.0) Gecko/20100101 Firefox/76.0"
::ffff:127.0.0.1 - - [30/May/2020:09:14:35 +0000] "GET /api/profiles HTTP/1.1" 304 - "http://localhost:3000/" "Mozilla/5.0 (X11; Ubuntu; Linux x86_64; rv:76.0) Gecko/20100101 Firefox/76.0"
::ffff:127.0.0.1 - - [30/May/2020:09:15:05 +0000] "GET /api/profiles HTTP/1.1" 304 - "http://localhost:3000/" "Mozilla/5.0 (X11; Ubuntu; Linux x86_64; rv:76.0) Gecko/20100101 Firefox/76.0"
::ffff:127.0.0.1 - - [30/May/2020:09:15:25 +0000] "GET /api/profiles HTTP/1.1" 304 - "http://localhost:3000/" "Mozilla/5.0 (X11; Ubuntu; Linux x86_64; rv:76.0) Gecko/20100101 Firefox/76.0"
::ffff:127.0.0.1 - - [30/May/2020:09:15:36 +0000] "GET /api/profiles HTTP/1.1" 304 - "http://localhost:3000/" "Mozilla/5.0 (X11; Ubuntu; Linux x86_64; rv:76.0) Gecko/20100101 Firefox/76.0"
::ffff:127.0.0.1 - - [30/May/2020:09:15:57 +0000] "GET /api/profiles HTTP/1.1" 304 - "http://localhost:3000/" "Mozilla/5.0 (X11; Ubuntu; Linux x86_64; rv:76.0) Gecko/20100101 Firefox/76.0"
::ffff:127.0.0.1 - - [30/May/2020:09:16:31 +0000] "GET /api/profiles HTTP/1.1" 304 - "http://localhost:3000/" "Mozilla/5.0 (X11; Ubuntu; Linux x86_64; rv:76.0) Gecko/20100101 Firefox/76.0"
::ffff:127.0.0.1 - - [30/May/2020:09:16:44 +0000] "GET /api/profiles HTTP/1.1" 304 - "http://localhost:3000/" "Mozilla/5.0 (X11; Ubuntu; Linux x86_64; rv:76.0) Gecko/20100101 Firefox/76.0"
::ffff:127.0.0.1 - - [30/May/2020:09:16:58 +0000] "GET /api/profiles HTTP/1.1" 304 - "http://localhost:3000/" "Mozilla/5.0 (X11; Ubuntu; Linux x86_64; rv:76.0) Gecko/20100101 Firefox/76.0"
::ffff:127.0.0.1 - - [30/May/2020:09:17:16 +0000] "GET /api/profiles HTTP/1.1" 304 - "http://localhost:3000/" "Mozilla/5.0 (X11; Ubuntu; Linux x86_64; rv:76.0) Gecko/20100101 Firefox/76.0"
::ffff:127.0.0.1 - - [30/May/2020:09:17:39 +0000] "GET /api/profiles HTTP/1.1" 304 - "http://localhost:3000/" "Mozilla/5.0 (X11; Ubuntu; Linux x86_64; rv:76.0) Gecko/20100101 Firefox/76.0"
::ffff:127.0.0.1 - - [30/May/2020:09:17:48 +0000] "GET /api/profiles HTTP/1.1" 304 - "http://localhost:3000/" "Mozilla/5.0 (X11; Ubuntu; Linux x86_64; rv:76.0) Gecko/20100101 Firefox/76.0"
::ffff:127.0.0.1 - - [30/May/2020:09:21:00 +0000] "GET /api/profiles HTTP/1.1" 304 - "http://localhost:3000/" "Mozilla/5.0 (X11; Ubuntu; Linux x86_64; rv:76.0) Gecko/20100101 Firefox/76.0"
::ffff:127.0.0.1 - - [30/May/2020:09:21:21 +0000] "GET /api/profiles HTTP/1.1" 304 - "http://localhost:3000/" "Mozilla/5.0 (X11; Ubuntu; Linux x86_64; rv:76.0) Gecko/20100101 Firefox/76.0"
::ffff:127.0.0.1 - - [30/May/2020:09:23:02 +0000] "GET /api/profiles HTTP/1.1" 304 - "http://localhost:3000/" "Mozilla/5.0 (X11; Ubuntu; Linux x86_64; rv:76.0) Gecko/20100101 Firefox/76.0"
::ffff:127.0.0.1 - - [30/May/2020:09:23:04 +0000] "GET /api/profiles HTTP/1.1" 304 - "http://localhost:3000/" "Mozilla/5.0 (X11; Ubuntu; Linux x86_64; rv:76.0) Gecko/20100101 Firefox/76.0"
::ffff:127.0.0.1 - - [30/May/2020:09:23:37 +0000] "GET /api/profiles HTTP/1.1" 304 - "http://localhost:3000/" "Mozilla/5.0 (X11; Ubuntu; Linux x86_64; rv:76.0) Gecko/20100101 Firefox/76.0"
::ffff:127.0.0.1 - - [30/May/2020:09:23:39 +0000] "POST /api/profiles HTTP/1.1" 302 46 "http://localhost:3000/" "Mozilla/5.0 (X11; Ubuntu; Linux x86_64; rv:76.0) Gecko/20100101 Firefox/76.0"
::ffff:127.0.0.1 - - [30/May/2020:09:23:42 +0000] "GET /api/profiles HTTP/1.1" 200 945 "http://localhost:3000/" "Mozilla/5.0 (X11; Ubuntu; Linux x86_64; rv:76.0) Gecko/20100101 Firefox/76.0"
::ffff:127.0.0.1 - - [30/May/2020:09:24:04 +0000] "GET /api/profiles HTTP/1.1" 304 - "http://localhost:3000/" "Mozilla/5.0 (X11; Ubuntu; Linux x86_64; rv:76.0) Gecko/20100101 Firefox/76.0"
::ffff:127.0.0.1 - - [30/May/2020:09:24:05 +0000] "POST /api/profiles HTTP/1.1" 302 46 "http://localhost:3000/" "Mozilla/5.0 (X11; Ubuntu; Linux x86_64; rv:76.0) Gecko/20100101 Firefox/76.0"
::1 - - [30/May/2020:09:24:09 +0000] "GET /api/profiles HTTP/1.1" 200 1007 "http://localhost:3000/" "Mozilla/5.0 (X11; Ubuntu; Linux x86_64; rv:76.0) Gecko/20100101 Firefox/76.0"
::1 - - [30/May/2020:09:26:26 +0000] "GET /api/profiles HTTP/1.1" 304 - "http://localhost:3000/" "Mozilla/5.0 (X11; Ubuntu; Linux x86_64; rv:76.0) Gecko/20100101 Firefox/76.0"
::1 - - [30/May/2020:09:26:27 +0000] "POST /api/profiles HTTP/1.1" 302 46 "http://localhost:3000/" "Mozilla/5.0 (X11; Ubuntu; Linux x86_64; rv:76.0) Gecko/20100101 Firefox/76.0"
::ffff:127.0.0.1 - - [30/May/2020:09:26:31 +0000] "GET /api/profiles HTTP/1.1" 200 1069 "http://localhost:3000/" "Mozilla/5.0 (X11; Ubuntu; Linux x86_64; rv:76.0) Gecko/20100101 Firefox/76.0"
::ffff:127.0.0.1 - - [30/May/2020:09:27:53 +0000] "GET /api/profiles HTTP/1.1" 304 - "http://localhost:3000/" "Mozilla/5.0 (X11; Ubuntu; Linux x86_64; rv:76.0) Gecko/20100101 Firefox/76.0"
::ffff:127.0.0.1 - - [30/May/2020:09:27:55 +0000] "POST /api/profiles HTTP/1.1" 302 46 "http://localhost:3000/" "Mozilla/5.0 (X11; Ubuntu; Linux x86_64; rv:76.0) Gecko/20100101 Firefox/76.0"
::1 - - [30/May/2020:09:27:57 +0000] "GET /api/profiles HTTP/1.1" 200 1131 "http://localhost:3000/" "Mozilla/5.0 (X11; Ubuntu; Linux x86_64; rv:76.0) Gecko/20100101 Firefox/76.0"
::1 - - [30/May/2020:09:31:17 +0000] "GET /api/profiles HTTP/1.1" 304 - "http://localhost:3000/" "Mozilla/5.0 (X11; Ubuntu; Linux x86_64; rv:76.0) Gecko/20100101 Firefox/76.0"
::1 - - [30/May/2020:09:31:18 +0000] "POST /api/profiles HTTP/1.1" 302 46 "http://localhost:3000/" "Mozilla/5.0 (X11; Ubuntu; Linux x86_64; rv:76.0) Gecko/20100101 Firefox/76.0"
::ffff:127.0.0.1 - - [30/May/2020:09:31:21 +0000] "GET /api/profiles HTTP/1.1" 200 1193 "http://localhost:3000/" "Mozilla/5.0 (X11; Ubuntu; Linux x86_64; rv:76.0) Gecko/20100101 Firefox/76.0"
::ffff:127.0.0.1 - - [30/May/2020:09:32:00 +0000] "GET /api/profiles HTTP/1.1" 304 - "http://localhost:3000/" "Mozilla/5.0 (X11; Ubuntu; Linux x86_64; rv:76.0) Gecko/20100101 Firefox/76.0"
::ffff:127.0.0.1 - - [30/May/2020:09:33:19 +0000] "GET /api/profiles HTTP/1.1" 304 - "http://localhost:3000/" "Mozilla/5.0 (X11; Ubuntu; Linux x86_64; rv:76.0) Gecko/20100101 Firefox/76.0"
::ffff:127.0.0.1 - - [30/May/2020:09:33:21 +0000] "GET /api/profiles HTTP/1.1" 304 - "http://localhost:3000/" "Mozilla/5.0 (X11; Ubuntu; Linux x86_64; rv:76.0) Gecko/20100101 Firefox/76.0"
::ffff:127.0.0.1 - - [30/May/2020:09:34:12 +0000] "GET /api/profiles HTTP/1.1" 304 - "http://localhost:3000/" "Mozilla/5.0 (X11; Ubuntu; Linux x86_64; rv:76.0) Gecko/20100101 Firefox/76.0"
::ffff:127.0.0.1 - - [30/May/2020:09:34:26 +0000] "GET /api/profiles HTTP/1.1" 304 - "http://localhost:3000/" "Mozilla/5.0 (X11; Ubuntu; Linux x86_64; rv:76.0) Gecko/20100101 Firefox/76.0"
::ffff:127.0.0.1 - - [30/May/2020:09:35:10 +0000] "GET /api/profiles HTTP/1.1" 304 - "http://localhost:3000/" "Mozilla/5.0 (X11; Ubuntu; Linux x86_64; rv:76.0) Gecko/20100101 Firefox/76.0"
::ffff:127.0.0.1 - - [30/May/2020:09:35:12 +0000] "GET /api/profiles HTTP/1.1" 304 - "http://localhost:3000/" "Mozilla/5.0 (X11; Ubuntu; Linux x86_64; rv:76.0) Gecko/20100101 Firefox/76.0"
::ffff:127.0.0.1 - - [30/May/2020:09:35:34 +0000] "GET /api/profiles HTTP/1.1" 304 - "http://localhost:3000/" "Mozilla/5.0 (X11; Ubuntu; Linux x86_64; rv:76.0) Gecko/20100101 Firefox/76.0"
::ffff:127.0.0.1 - - [30/May/2020:09:35:59 +0000] "GET /api/profiles HTTP/1.1" 304 - "http://localhost:3000/" "Mozilla/5.0 (X11; Ubuntu; Linux x86_64; rv:76.0) Gecko/20100101 Firefox/76.0"
::ffff:127.0.0.1 - - [30/May/2020:09:36:28 +0000] "GET /api/profiles HTTP/1.1" 304 - "http://localhost:3000/" "Mozilla/5.0 (X11; Ubuntu; Linux x86_64; rv:76.0) Gecko/20100101 Firefox/76.0"
::ffff:127.0.0.1 - - [30/May/2020:09:38:01 +0000] "GET /api/profiles HTTP/1.1" 304 - "http://localhost:3000/" "Mozilla/5.0 (X11; Ubuntu; Linux x86_64; rv:76.0) Gecko/20100101 Firefox/76.0"
::ffff:127.0.0.1 - - [30/May/2020:09:38:02 +0000] "POST /api/profiles HTTP/1.1" 302 46 "http://localhost:3000/" "Mozilla/5.0 (X11; Ubuntu; Linux x86_64; rv:76.0) Gecko/20100101 Firefox/76.0"
::1 - - [30/May/2020:09:38:03 +0000] "POST /api/profiles HTTP/1.1" 302 46 "http://localhost:3000/" "Mozilla/5.0 (X11; Ubuntu; Linux x86_64; rv:76.0) Gecko/20100101 Firefox/76.0"
::ffff:127.0.0.1 - - [30/May/2020:09:38:05 +0000] "GET /api/profiles HTTP/1.1" 200 1317 "http://localhost:3000/" "Mozilla/5.0 (X11; Ubuntu; Linux x86_64; rv:76.0) Gecko/20100101 Firefox/76.0"
::ffff:127.0.0.1 - - [30/May/2020:09:38:13 +0000] "POST /api/profiles HTTP/1.1" 302 46 "http://localhost:3000/" "Mozilla/5.0 (X11; Ubuntu; Linux x86_64; rv:76.0) Gecko/20100101 Firefox/76.0"
::ffff:127.0.0.1 - - [30/May/2020:09:38:14 +0000] "POST /api/profiles HTTP/1.1" 302 46 "http://localhost:3000/" "Mozilla/5.0 (X11; Ubuntu; Linux x86_64; rv:76.0) Gecko/20100101 Firefox/76.0"
::1 - - [30/May/2020:09:38:15 +0000] "POST /api/profiles HTTP/1.1" 302 46 "http://localhost:3000/" "Mozilla/5.0 (X11; Ubuntu; Linux x86_64; rv:76.0) Gecko/20100101 Firefox/76.0"
::1 - - [30/May/2020:09:38:17 +0000] "GET /api/profiles HTTP/1.1" 200 1503 "http://localhost:3000/" "Mozilla/5.0 (X11; Ubuntu; Linux x86_64; rv:76.0) Gecko/20100101 Firefox/76.0"
::ffff:127.0.0.1 - - [30/May/2020:09:38:34 +0000] "POST /api/profiles/delete HTTP/1.1" 302 46 "http://localhost:3000/" "Mozilla/5.0 (X11; Ubuntu; Linux x86_64; rv:76.0) Gecko/20100101 Firefox/76.0"
::ffff:127.0.0.1 - - [30/May/2020:09:38:36 +0000] "POST /api/profiles HTTP/1.1" 302 46 "http://localhost:3000/" "Mozilla/5.0 (X11; Ubuntu; Linux x86_64; rv:76.0) Gecko/20100101 Firefox/76.0"
::ffff:127.0.0.1 - - [30/May/2020:09:38:37 +0000] "GET /api/profiles HTTP/1.1" 200 1503 "http://localhost:3000/" "Mozilla/5.0 (X11; Ubuntu; Linux x86_64; rv:76.0) Gecko/20100101 Firefox/76.0"
::ffff:127.0.0.1 - - [30/May/2020:09:38:46 +0000] "POST /api/profiles/delete HTTP/1.1" 302 46 "http://localhost:3000/" "Mozilla/5.0 (X11; Ubuntu; Linux x86_64; rv:76.0) Gecko/20100101 Firefox/76.0"
::ffff:127.0.0.1 - - [30/May/2020:09:38:53 +0000] "POST /api/profiles/delete HTTP/1.1" 302 46 "http://localhost:3000/" "Mozilla/5.0 (X11; Ubuntu; Linux x86_64; rv:76.0) Gecko/20100101 Firefox/76.0"
::ffff:127.0.0.1 - - [30/May/2020:09:38:55 +0000] "GET /api/profiles HTTP/1.1" 200 1379 "http://localhost:3000/" "Mozilla/5.0 (X11; Ubuntu; Linux x86_64; rv:76.0) Gecko/20100101 Firefox/76.0"
::ffff:127.0.0.1 - - [30/May/2020:09:39:19 +0000] "POST /api/profiles/delete HTTP/1.1" - - "http://localhost:3000/" "Mozilla/5.0 (X11; Ubuntu; Linux x86_64; rv:76.0) Gecko/20100101 Firefox/76.0"
::ffff:127.0.0.1 - - [30/May/2020:09:39:27 +0000] "POST /api/profiles/delete HTTP/1.1" 302 46 "http://localhost:3000/" "Mozilla/5.0 (X11; Ubuntu; Linux x86_64; rv:76.0) Gecko/20100101 Firefox/76.0"
::ffff:127.0.0.1 - - [30/May/2020:09:39:30 +0000] "GET /api/profiles HTTP/1.1" 200 1317 "http://localhost:3000/" "Mozilla/5.0 (X11; Ubuntu; Linux x86_64; rv:76.0) Gecko/20100101 Firefox/76.0"
::ffff:127.0.0.1 - - [30/May/2020:09:40:22 +0000] "POST /api/profiles/delete HTTP/1.1" 302 46 "http://localhost:3000/" "Mozilla/5.0 (X11; Ubuntu; Linux x86_64; rv:76.0) Gecko/20100101 Firefox/76.0"
::ffff:127.0.0.1 - - [30/May/2020:09:40:28 +0000] "POST /api/profiles/delete HTTP/1.1" 302 46 "http://localhost:3000/" "Mozilla/5.0 (X11; Ubuntu; Linux x86_64; rv:76.0) Gecko/20100101 Firefox/76.0"
::ffff:127.0.0.1 - - [30/May/2020:09:40:29 +0000] "GET /api/profiles HTTP/1.1" 200 1193 "http://localhost:3000/" "Mozilla/5.0 (X11; Ubuntu; Linux x86_64; rv:76.0) Gecko/20100101 Firefox/76.0"
::ffff:127.0.0.1 - - [30/May/2020:09:40:35 +0000] "POST /api/profiles/delete HTTP/1.1" 302 46 "http://localhost:3000/" "Mozilla/5.0 (X11; Ubuntu; Linux x86_64; rv:76.0) Gecko/20100101 Firefox/76.0"
::ffff:127.0.0.1 - - [30/May/2020:09:40:40 +0000] "GET /api/profiles HTTP/1.1" 200 1131 "http://localhost:3000/" "Mozilla/5.0 (X11; Ubuntu; Linux x86_64; rv:76.0) Gecko/20100101 Firefox/76.0"
::ffff:127.0.0.1 - - [30/May/2020:09:41:21 +0000] "GET /api/profiles HTTP/1.1" 200 573 "http://localhost:3000/" "Mozilla/5.0 (X11; Ubuntu; Linux x86_64; rv:76.0) Gecko/20100101 Firefox/76.0"
::ffff:127.0.0.1 - - [30/May/2020:09:52:50 +0000] "GET /api/profiles HTTP/1.1" 200 651 "http://localhost:3000/" "Mozilla/5.0 (X11; Ubuntu; Linux x86_64; rv:76.0) Gecko/20100101 Firefox/76.0"
::ffff:127.0.0.1 - - [30/May/2020:09:53:15 +0000] "POST /api/profiles HTTP/1.1" 302 46 "http://localhost:3000/" "Mozilla/5.0 (X11; Ubuntu; Linux x86_64; rv:76.0) Gecko/20100101 Firefox/76.0"
::1 - - [30/May/2020:09:53:18 +0000] "GET /api/profiles HTTP/1.1" 200 721 "http://localhost:3000/" "Mozilla/5.0 (X11; Ubuntu; Linux x86_64; rv:76.0) Gecko/20100101 Firefox/76.0"
::ffff:127.0.0.1 - - [30/May/2020:09:54:31 +0000] "GET /api/profiles HTTP/1.1" 200 743 "http://localhost:3000/" "Mozilla/5.0 (X11; Ubuntu; Linux x86_64; rv:76.0) Gecko/20100101 Firefox/76.0"
::ffff:127.0.0.1 - - [30/May/2020:09:54:32 +0000] "POST /api/profiles HTTP/1.1" 302 46 "http://localhost:3000/" "Mozilla/5.0 (X11; Ubuntu; Linux x86_64; rv:76.0) Gecko/20100101 Firefox/76.0"
::ffff:127.0.0.1 - - [30/May/2020:09:54:32 +0000] "POST /api/profiles HTTP/1.1" 302 46 "http://localhost:3000/" "Mozilla/5.0 (X11; Ubuntu; Linux x86_64; rv:76.0) Gecko/20100101 Firefox/76.0"
::ffff:127.0.0.1 - - [30/May/2020:09:54:34 +0000] "GET /api/profiles HTTP/1.1" 200 867 "http://localhost:3000/" "Mozilla/5.0 (X11; Ubuntu; Linux x86_64; rv:76.0) Gecko/20100101 Firefox/76.0"
::ffff:127.0.0.1 - - [30/May/2020:09:54:41 +0000] "POST /api/profiles HTTP/1.1" 302 46 "http://localhost:3000/" "Mozilla/5.0 (X11; Ubuntu; Linux x86_64; rv:76.0) Gecko/20100101 Firefox/76.0"
::1 - - [30/May/2020:09:54:42 +0000] "POST /api/profiles HTTP/1.1" 302 46 "http://localhost:3000/" "Mozilla/5.0 (X11; Ubuntu; Linux x86_64; rv:76.0) Gecko/20100101 Firefox/76.0"
::ffff:127.0.0.1 - - [30/May/2020:09:54:44 +0000] "GET /api/profiles HTTP/1.1" 200 991 "http://localhost:3000/" "Mozilla/5.0 (X11; Ubuntu; Linux x86_64; rv:76.0) Gecko/20100101 Firefox/76.0"
::ffff:127.0.0.1 - - [30/May/2020:09:55:46 +0000] "POST /api/profiles/delete HTTP/1.1" 302 46 "http://localhost:3000/" "Mozilla/5.0 (X11; Ubuntu; Linux x86_64; rv:76.0) Gecko/20100101 Firefox/76.0"
::ffff:127.0.0.1 - - [30/May/2020:09:55:52 +0000] "POST /api/profiles/delete HTTP/1.1" 302 46 "http://localhost:3000/" "Mozilla/5.0 (X11; Ubuntu; Linux x86_64; rv:76.0) Gecko/20100101 Firefox/76.0"
::1 - - [30/May/2020:09:55:57 +0000] "POST /api/profiles/delete HTTP/1.1" 302 46 "http://localhost:3000/" "Mozilla/5.0 (X11; Ubuntu; Linux x86_64; rv:76.0) Gecko/20100101 Firefox/76.0"
::ffff:127.0.0.1 - - [30/May/2020:09:55:58 +0000] "GET /api/profiles HTTP/1.1" 200 805 "http://localhost:3000/" "Mozilla/5.0 (X11; Ubuntu; Linux x86_64; rv:76.0) Gecko/20100101 Firefox/76.0"
::ffff:127.0.0.1 - - [30/May/2020:09:56:05 +0000] "POST /api/profiles/delete HTTP/1.1" 302 46 "http://localhost:3000/" "Mozilla/5.0 (X11; Ubuntu; Linux x86_64; rv:76.0) Gecko/20100101 Firefox/76.0"
::ffff:127.0.0.1 - - [30/May/2020:09:56:06 +0000] "POST /api/profiles HTTP/1.1" 302 46 "http://localhost:3000/" "Mozilla/5.0 (X11; Ubuntu; Linux x86_64; rv:76.0) Gecko/20100101 Firefox/76.0"
::ffff:127.0.0.1 - - [30/May/2020:09:56:09 +0000] "GET /api/profiles HTTP/1.1" 200 805 "http://localhost:3000/" "Mozilla/5.0 (X11; Ubuntu; Linux x86_64; rv:76.0) Gecko/20100101 Firefox/76.0"
::ffff:127.0.0.1 - - [30/May/2020:09:56:14 +0000] "POST /api/profiles/delete HTTP/1.1" 302 46 "http://localhost:3000/" "Mozilla/5.0 (X11; Ubuntu; Linux x86_64; rv:76.0) Gecko/20100101 Firefox/76.0"
::ffff:127.0.0.1 - - [30/May/2020:09:56:16 +0000] "GET /api/profiles HTTP/1.1" 200 743 "http://localhost:3000/" "Mozilla/5.0 (X11; Ubuntu; Linux x86_64; rv:76.0) Gecko/20100101 Firefox/76.0"
::ffff:127.0.0.1 - - [30/May/2020:10:01:06 +0000] "GET /api/profiles HTTP/1.1" 304 - "http://localhost:3000/" "Mozilla/5.0 (X11; Ubuntu; Linux x86_64; rv:76.0) Gecko/20100101 Firefox/76.0"
::ffff:127.0.0.1 - - [30/May/2020:10:02:41 +0000] "GET /api/profiles HTTP/1.1" 304 - "http://localhost:3000/" "Mozilla/5.0 (X11; Ubuntu; Linux x86_64; rv:76.0) Gecko/20100101 Firefox/76.0"
::ffff:127.0.0.1 - - [30/May/2020:10:04:13 +0000] "GET /api/profiles HTTP/1.1" 304 - "http://localhost:3000/" "Mozilla/5.0 (X11; Ubuntu; Linux x86_64; rv:76.0) Gecko/20100101 Firefox/76.0"
::ffff:127.0.0.1 - - [30/May/2020:10:04:34 +0000] "GET /api/profiles HTTP/1.1" 304 - "http://localhost:3000/" "Mozilla/5.0 (X11; Ubuntu; Linux x86_64; rv:76.0) Gecko/20100101 Firefox/76.0"
::ffff:127.0.0.1 - - [30/May/2020:10:06:55 +0000] "GET /api/profiles HTTP/1.1" 304 - "http://localhost:3000/" "Mozilla/5.0 (X11; Ubuntu; Linux x86_64; rv:76.0) Gecko/20100101 Firefox/76.0"
::ffff:127.0.0.1 - - [30/May/2020:10:09:34 +0000] "GET /api/profiles HTTP/1.1" 304 - "http://localhost:3000/" "Mozilla/5.0 (X11; Ubuntu; Linux x86_64; rv:76.0) Gecko/20100101 Firefox/76.0"
::ffff:127.0.0.1 - - [30/May/2020:10:10:03 +0000] "GET /api/profiles HTTP/1.1" 304 - "http://localhost:3000/" "Mozilla/5.0 (X11; Ubuntu; Linux x86_64; rv:76.0) Gecko/20100101 Firefox/76.0"
::ffff:127.0.0.1 - - [30/May/2020:10:10:22 +0000] "GET /api/profiles HTTP/1.1" 304 - "http://localhost:3000/" "Mozilla/5.0 (X11; Ubuntu; Linux x86_64; rv:76.0) Gecko/20100101 Firefox/76.0"
::ffff:127.0.0.1 - - [30/May/2020:10:10:37 +0000] "GET /api/profiles HTTP/1.1" 304 - "http://localhost:3000/" "Mozilla/5.0 (X11; Ubuntu; Linux x86_64; rv:76.0) Gecko/20100101 Firefox/76.0"
::ffff:127.0.0.1 - - [30/May/2020:10:11:25 +0000] "POST /api/profiles HTTP/1.1" 302 46 "http://localhost:3000/" "Mozilla/5.0 (X11; Ubuntu; Linux x86_64; rv:76.0) Gecko/20100101 Firefox/76.0"
::ffff:127.0.0.1 - - [30/May/2020:10:11:29 +0000] "POST /api/profiles HTTP/1.1" 302 46 "http://localhost:3000/" "Mozilla/5.0 (X11; Ubuntu; Linux x86_64; rv:76.0) Gecko/20100101 Firefox/76.0"
::1 - - [30/May/2020:10:11:32 +0000] "GET /api/profiles HTTP/1.1" 200 955 "http://localhost:3000/" "Mozilla/5.0 (X11; Ubuntu; Linux x86_64; rv:76.0) Gecko/20100101 Firefox/76.0"
::ffff:127.0.0.1 - - [30/May/2020:10:11:47 +0000] "POST /api/profiles/view HTTP/1.1" 200 128 "http://localhost:3000/" "Mozilla/5.0 (X11; Ubuntu; Linux x86_64; rv:76.0) Gecko/20100101 Firefox/76.0"
::ffff:127.0.0.1 - - [30/May/2020:10:13:31 +0000] "GET /api/profiles HTTP/1.1" 304 - "http://localhost:3000/" "Mozilla/5.0 (X11; Ubuntu; Linux x86_64; rv:76.0) Gecko/20100101 Firefox/76.0"
::ffff:127.0.0.1 - - [30/May/2020:10:13:56 +0000] "POST /api/profiles/delete HTTP/1.1" 302 46 "http://localhost:3000/" "Mozilla/5.0 (X11; Ubuntu; Linux x86_64; rv:76.0) Gecko/20100101 Firefox/76.0"
::ffff:127.0.0.1 - - [30/May/2020:10:13:59 +0000] "GET /api/profiles HTTP/1.1" 200 872 "http://localhost:3000/" "Mozilla/5.0 (X11; Ubuntu; Linux x86_64; rv:76.0) Gecko/20100101 Firefox/76.0"
::ffff:127.0.0.1 - - [30/May/2020:10:15:50 +0000] "GET /api/profiles HTTP/1.1" 304 - "http://localhost:3000/" "Mozilla/5.0 (X11; Ubuntu; Linux x86_64; rv:76.0) Gecko/20100101 Firefox/76.0"
::1 - - [30/May/2020:12:05:22 +0000] "GET /api/profiles HTTP/1.1" 200 872 "http://localhost:3000/" "Mozilla/5.0 (X11; Ubuntu; Linux x86_64; rv:76.0) Gecko/20100101 Firefox/76.0"
